Base path: C:/Program Files/Unity/Editor/Data
Pipe name: \\.\pipe\UnityShaderCompiler-64bit-1-10708
Cmd: getPlatforms
Cmd: compileSnippet
  api=4 type=0 insize=13030 outsize=11024 kw=UNITY_COLORSPACE_GAMMA _SUNDISK_SIMPLE pd= ok=1
Cmd: compileSnippet
  api=4 type=1 insize=13030 outsize=1899 kw=UNITY_COLORSPACE_GAMMA _SUNDISK_SIMPLE pd= ok=1
Cmd: preprocess
  insize=8333 outsize=2044 ok=1
Cmd: compileSnippet
  api=4 type=0 insize=6508 outsize=1006 kw= pd= ok=1
Cmd: compileSnippet
  api=4 type=1 insize=6508 outsize=1899 kw= pd= ok=1
Cmd: compileSnippet
  api=4 type=0 insize=6503 outsize=1006 kw= pd= ok=1
Cmd: compileSnippet
  api=4 type=1 insize=6503 outsize=3565 kw= pd= ok=1
Cmd: compileSnippet
  api=4 type=0 insize=6503 outsize=1006 kw= pd= ok=1
Cmd: compileSnippet
  api=4 type=1 insize=6503 outsize=1485 kw= pd= ok=1
Cmd: compileSnippet
  api=4 type=0 insize=6503 outsize=1006 kw= pd= ok=1
Cmd: compileSnippet
  api=4 type=1 insize=6503 outsize=1485 kw= pd= ok=1
Cmd: compileSnippet
  api=4 type=0 insize=6505 outsize=1006 kw= pd= ok=1
Cmd: compileSnippet
  api=4 type=1 insize=6505 outsize=1810 kw= pd= ok=1
Cmd: compileSnippet
  api=4 type=0 insize=6505 outsize=1006 kw= pd= ok=1
Cmd: compileSnippet
  api=4 type=1 insize=6505 outsize=1485 kw= pd= ok=1
Cmd: compileSnippet
  api=4 type=0 insize=6514 outsize=1006 kw= pd= ok=1
Cmd: compileSnippet
  api=4 type=1 insize=6514 outsize=1444 kw= pd= ok=1
Cmd: compileSnippet
  api=4 type=0 insize=6519 outsize=1006 kw= pd= ok=1
Cmd: compileSnippet
  api=4 type=1 insize=6519 outsize=1363 kw= pd= ok=1
Cmd: compileSnippet
  api=4 type=0 insize=6512 outsize=1006 kw= pd= ok=1
Cmd: compileSnippet
  api=4 type=1 insize=6512 outsize=868 kw= pd= ok=1
Cmd: compileSnippet
  api=4 type=0 insize=6510 outsize=1006 kw= pd= ok=1
Cmd: compileSnippet
  api=4 type=1 insize=6510 outsize=1526 kw= pd= ok=1
Cmd: compileSnippet
  api=4 type=0 insize=6517 outsize=1006 kw= pd= ok=1
Cmd: compileSnippet
  api=4 type=1 insize=6517 outsize=1948 kw= pd= ok=1
Cmd: preprocess
  insize=10964 outsize=662 ok=1
Cmd: compileSnippet
  api=4 type=0 insize=10530 outsize=1006 kw= pd= ok=1
Cmd: compileSnippet
  api=4 type=1 insize=10530 outsize=1688 kw= pd= ok=1
Cmd: compileSnippet
  api=4 type=0 insize=10552 outsize=1006 kw= pd= ok=1
Cmd: compileSnippet
  api=4 type=1 insize=10552 outsize=9285 kw= pd= ok=1
Cmd: compileSnippet
  api=4 type=0 insize=10508 outsize=1006 kw= pd= ok=1
Cmd: compileSnippet
  api=4 type=1 insize=10508 outsize=9301 kw= pd= ok=1
Cmd: preprocess
  insize=1063 outsize=406 ok=1
Cmd: compileSnippet
  api=4 type=0 insize=955 outsize=1006 kw= pd= ok=1
Cmd: compileSnippet
  api=4 type=1 insize=955 outsize=859 kw= pd= ok=1
Cmd: compileSnippet
  api=4 type=0 insize=954 outsize=1006 kw= pd= ok=1
Cmd: compileSnippet
  api=4 type=1 insize=954 outsize=859 kw= pd= ok=1
Cmd: preprocess
  insize=9575 outsize=798 ok=1
Cmd: compileSnippet
  api=4 type=0 insize=8985 outsize=1924 kw= pd= ok=1
Cmd: compileSnippet
  api=4 type=1 insize=8985 outsize=3110 kw= pd= ok=1
Cmd: compileSnippet
  api=4 type=0 insize=8989 outsize=2013 kw= pd= ok=1
Cmd: compileSnippet
  api=4 type=1 insize=8989 outsize=3313 kw= pd= ok=1
Cmd: compileSnippet
  api=4 type=0 insize=9009 outsize=1355 kw= pd= ok=1
Cmd: compileSnippet
  api=4 type=1 insize=9009 outsize=4979 kw= pd= ok=1
Cmd: compileSnippet
  api=4 type=0 insize=9004 outsize=1355 kw= pd= ok=1
Cmd: compileSnippet
  api=4 type=1 insize=9004 outsize=5239 kw= pd= ok=1
Cmd: compileSnippet
  api=4 type=0 insize=9008 outsize=1493 kw= pd= ok=1
Cmd: compileSnippet
  api=4 type=1 insize=9008 outsize=1518 kw= pd= ok=1
Cmd: preprocess
  insize=1624 outsize=334 ok=1
Cmd: compileSnippet
  api=4 type=0 insize=1592 outsize=1363 kw= pd= ok=1
Cmd: compileSnippet
  api=4 type=1 insize=1592 outsize=1981 kw= pd= ok=1
Cmd: preprocess
  insize=844 outsize=330 ok=1
Cmd: compileSnippet
  api=4 type=0 insize=819 outsize=1006 kw= pd= ok=1
Cmd: compileSnippet
  api=4 type=1 insize=819 outsize=1241 kw= pd= ok=1
Cmd: preprocess
  insize=928 outsize=289 ok=1
Cmd: compileSnippet
  api=4 type=0 insize=944 outsize=1006 kw= pd= ok=1
Cmd: compileSnippet
  api=4 type=1 insize=944 outsize=973 kw= pd= ok=1
Cmd: preprocess
  insize=1923 outsize=467 ok=1
Cmd: compileSnippet
  api=4 type=0 insize=1758 outsize=1006 kw= pd= ok=1
Cmd: compileSnippet
  api=4 type=1 insize=1758 outsize=1704 kw= pd= ok=1
Cmd: preprocess
  insize=1217 outsize=387 ok=1
Cmd: compileSnippet
  api=4 type=0 insize=1135 outsize=1355 kw= pd= ok=1
Cmd: compileSnippet
  api=4 type=1 insize=1135 outsize=1542 kw= pd= ok=1
Cmd: preprocess
  insize=3521 outsize=640 ok=1
Cmd: compileSnippet
  api=4 type=0 insize=3155 outsize=1006 kw= pd= ok=1
Cmd: compileSnippet
  api=4 type=1 insize=3155 outsize=1355 kw= pd= ok=1
Cmd: compileSnippet
  api=4 type=0 insize=3153 outsize=1006 kw= pd= ok=1
Cmd: compileSnippet
  api=4 type=1 insize=3153 outsize=1225 kw= pd= ok=1
Cmd: compileSnippet
  api=4 type=0 insize=3160 outsize=1006 kw= pd= ok=1
Cmd: compileSnippet
  api=4 type=1 insize=3160 outsize=2801 kw= pd= ok=1
Cmd: preprocess
  insize=1164 outsize=384 ok=1
Cmd: compileSnippet
  api=4 type=0 insize=1085 outsize=1006 kw= pd= ok=1
Cmd: compileSnippet
  api=4 type=1 insize=1085 outsize=1973 kw= pd= ok=1
Cmd: preprocess
  insize=6511 outsize=781 ok=1
Cmd: compileSnippet
  api=4 type=0 insize=1952 outsize=1225 kw= pd= ok=1
Cmd: compileSnippet
  api=4 type=1 insize=1952 outsize=12251 kw= pd= ok=1
Cmd: compileSnippet
  api=4 type=0 insize=2216 outsize=1225 kw= pd= ok=1
Cmd: compileSnippet
  api=4 type=1 insize=2216 outsize=20148 kw= pd= ok=1
Cmd: compileSnippet
  api=4 type=0 insize=2722 outsize=1225 kw= pd= ok=1
Cmd: compileSnippet
  api=4 type=1 insize=2722 outsize=35943 kw= pd= ok=1
Cmd: compileSnippet
  error: 1 plat 4 at (228): 's': loop control variable conflicts with a previous declaration in the outer scope; most recent declaration will be used\nCompiling Vertex program
  api=4 type=0 insize=2998 outsize=1087 kw= pd= ok=1
Cmd: compileSnippet
  error: 1 plat 4 at (228): 's': loop control variable conflicts with a previous declaration in the outer scope; most recent declaration will be used\nCompiling Fragment program
  api=4 type=1 insize=2998 outsize=4028 kw= pd= ok=1
Cmd: compileSnippet
  api=4 type=0 insize=1938 outsize=1119 kw= pd= ok=1
Cmd: compileSnippet
  api=4 type=1 insize=1938 outsize=1111 kw= pd= ok=1
Cmd: preprocess
  insize=1097 outsize=289 ok=1
Cmd: compileSnippet
  api=4 type=0 insize=1113 outsize=1753 kw= pd= ok=1
Cmd: compileSnippet
  api=4 type=1 insize=1113 outsize=1412 kw= pd= ok=1
Cmd: preprocess
  insize=2413 outsize=753 ok=1
Cmd: compileSnippet
  api=4 type=0 insize=1931 outsize=1355 kw= pd= ok=1
Cmd: compileSnippet
  api=4 type=1 insize=1931 outsize=1217 kw= pd= ok=1
Cmd: compileSnippet
  api=4 type=0 insize=1928 outsize=1355 kw= pd= ok=1
Cmd: compileSnippet
  api=4 type=1 insize=1928 outsize=949 kw= pd= ok=1
Cmd: compileSnippet
  api=4 type=0 insize=1941 outsize=1656 kw= pd= ok=1
Cmd: compileSnippet
  api=4 type=1 insize=1941 outsize=1323 kw= pd= ok=1
Cmd: compileSnippet
  api=4 type=0 insize=1940 outsize=1355 kw= pd= ok=1
Cmd: compileSnippet
  api=4 type=1 insize=1940 outsize=868 kw= pd= ok=1
Cmd: preprocess
  insize=883 outsize=277 ok=1
Cmd: compileSnippet
  api=4 type=0 insize=911 outsize=1006 kw= pd= ok=1
Cmd: compileSnippet
  api=4 type=1 insize=911 outsize=1006 kw= pd= ok=1
Cmd: preprocess
  insize=1314 outsize=362 ok=1
Cmd: compileSnippet
  api=4 type=0 insize=1251 outsize=1469 kw= pd= ok=1
Cmd: compileSnippet
  api=4 type=1 insize=1251 outsize=1453 kw= pd= ok=1
Cmd: preprocess
  insize=1353 outsize=326 ok=1
Cmd: compileSnippet
  api=4 type=0 insize=1333 outsize=1802 kw= pd= ok=1
Cmd: compileSnippet
  api=4 type=1 insize=1333 outsize=1347 kw= pd= ok=1
Cmd: preprocess
  insize=1188 outsize=255 ok=1
Cmd: compileSnippet
  api=4 type=0 insize=1238 outsize=1843 kw= pd= ok=1
Cmd: compileSnippet
  api=4 type=1 insize=1238 outsize=1371 kw= pd= ok=1
Cmd: preprocess
  insize=1344 outsize=330 ok=1
Cmd: compileSnippet
  api=4 type=0 insize=1316 outsize=1363 kw= pd= ok=1
Cmd: compileSnippet
  api=4 type=1 insize=1316 outsize=1518 kw= pd= ok=1
Cmd: preprocess
  insize=1193 outsize=303 ok=1
Cmd: compileSnippet
  api=4 type=0 insize=1194 outsize=1314 kw= pd= ok=1
Cmd: compileSnippet
  api=4 type=1 insize=1194 outsize=1444 kw= pd= ok=1
Cmd: preprocess
  insize=2235 outsize=619 ok=1
Cmd: compileSnippet
  api=4 type=0 insize=1922 outsize=1444 kw= pd= ok=1
Cmd: compileSnippet
  api=4 type=1 insize=1922 outsize=3224 kw= pd= ok=1
Cmd: preprocess
  insize=902 outsize=252 ok=1
Cmd: compileSnippet
  api=4 type=0 insize=950 outsize=1071 kw= pd= ok=1
Cmd: compileSnippet
  api=4 type=1 insize=950 outsize=1233 kw= pd= ok=1
Cmd: preprocess
  insize=636 outsize=302 ok=1
Cmd: compileSnippet
  api=4 type=0 insize=634 outsize=1006 kw= pd= ok=1
Cmd: compileSnippet
  api=4 type=1 insize=634 outsize=1071 kw= pd= ok=1
Cmd: preprocess
  insize=6131 outsize=973 ok=1
Cmd: compileSnippet
  api=4 type=0 insize=5399 outsize=1314 kw= pd= ok=1
Cmd: compileSnippet
  api=4 type=1 insize=5399 outsize=892 kw= pd= ok=1
Cmd: compileSnippet
  api=4 type=0 insize=5406 outsize=1599 kw= pd= ok=1
Cmd: compileSnippet
  api=4 type=1 insize=5406 outsize=1534 kw= pd= ok=1
Cmd: compileSnippet
  api=4 type=0 insize=5410 outsize=1412 kw= pd= ok=1
Cmd: compileSnippet
  api=4 type=1 insize=5410 outsize=1534 kw= pd= ok=1
Cmd: compileSnippet
  api=4 type=0 insize=5411 outsize=1412 kw= pd= ok=1
Cmd: compileSnippet
  api=4 type=1 insize=5411 outsize=1534 kw= pd= ok=1
Cmd: compileSnippet
  api=4 type=0 insize=5415 outsize=1769 kw= pd= ok=1
Cmd: compileSnippet
  api=4 type=1 insize=5415 outsize=1802 kw= pd= ok=1
Cmd: compileSnippet
  api=4 type=0 insize=5416 outsize=1769 kw= pd= ok=1
Cmd: compileSnippet
  api=4 type=1 insize=5416 outsize=1802 kw= pd= ok=1
Cmd: preprocess
  insize=32573 outsize=255 ok=1
Cmd: compileSnippet
  api=4 type=0 insize=32620 outsize=1006 kw= pd= ok=1
Cmd: compileSnippet
  api=4 type=1 insize=32620 outsize=10764 kw= pd= ok=1
Cmd: preprocess
  insize=1154 outsize=242 ok=1
Cmd: compileSnippet
  api=4 type=0 insize=1214 outsize=1274 kw= pd= ok=1
Cmd: compileSnippet
  api=4 type=1 insize=1214 outsize=1453 kw= pd= ok=1
Cmd: preprocess
  insize=4293 outsize=504 ok=1
Cmd: compileSnippet
  api=4 type=0 insize=3976 outsize=1859 kw= pd= ok=1
Cmd: compileSnippet
  api=4 type=1 insize=3976 outsize=3500 kw= pd= ok=1
Cmd: compileSnippet
  api=4 type=0 insize=3977 outsize=1859 kw= pd= ok=1
Cmd: compileSnippet
  api=4 type=1 insize=3977 outsize=2549 kw= pd= ok=1
Cmd: compileSnippet
  api=4 type=0 insize=3977 outsize=1859 kw= pd= ok=1
Cmd: compileSnippet
  api=4 type=1 insize=3977 outsize=3134 kw= pd= ok=1
Cmd: preprocess
  insize=992 outsize=248 ok=1
Cmd: compileSnippet
  api=4 type=0 insize=1045 outsize=1550 kw= pd= ok=1
Cmd: compileSnippet
  api=4 type=1 insize=1045 outsize=1160 kw= pd= ok=1
Cmd: preprocess
  insize=4770 outsize=1779 ok=1
Cmd: compileSnippet
  api=4 type=0 insize=3198 outsize=1355 kw= pd= ok=1
Cmd: compileSnippet
  api=4 type=1 insize=3198 outsize=1176 kw= pd= ok=1
Cmd: compileSnippet
  api=4 type=0 insize=3195 outsize=1355 kw= pd= ok=1
Cmd: compileSnippet
  api=4 type=1 insize=3195 outsize=949 kw= pd= ok=1
Cmd: compileSnippet
  api=4 type=0 insize=3211 outsize=1769 kw= pd= ok=1
Cmd: compileSnippet
  api=4 type=1 insize=3211 outsize=1444 kw= pd= ok=1
Cmd: compileSnippet
  api=4 type=0 insize=3203 outsize=1355 kw= pd= ok=1
Cmd: compileSnippet
  api=4 type=1 insize=3203 outsize=868 kw= pd= ok=1
Cmd: compileSnippet
  api=4 type=0 insize=3203 outsize=1355 kw= pd= ok=1
Cmd: compileSnippet
  api=4 type=1 insize=3203 outsize=1176 kw= pd= ok=1
Cmd: compileSnippet
  api=4 type=0 insize=3200 outsize=1355 kw= pd= ok=1
Cmd: compileSnippet
  api=4 type=1 insize=3200 outsize=949 kw= pd= ok=1
Cmd: compileSnippet
  api=4 type=0 insize=3212 outsize=1769 kw= pd= ok=1
Cmd: compileSnippet
  api=4 type=1 insize=3212 outsize=1371 kw= pd= ok=1
Cmd: compileSnippet
  api=4 type=0 insize=3205 outsize=1355 kw= pd= ok=1
Cmd: compileSnippet
  api=4 type=1 insize=3205 outsize=786 kw= pd= ok=1
Cmd: compileSnippet
  api=4 type=0 insize=3197 outsize=1355 kw= pd= ok=1
Cmd: compileSnippet
  api=4 type=1 insize=3197 outsize=575 kw= pd= ok=1
Cmd: compileSnippet
  api=4 type=0 insize=3201 outsize=1355 kw= pd= ok=1
Cmd: compileSnippet
  api=4 type=1 insize=3201 outsize=778 kw= pd= ok=1
Cmd: compileSnippet
  api=4 type=0 insize=3196 outsize=1355 kw= pd= ok=1
Cmd: compileSnippet
  api=4 type=1 insize=3196 outsize=664 kw= pd= ok=1
Cmd: preprocess
  insize=12787 outsize=1859 ok=1
Cmd: compileSnippet
  api=4 type=0 insize=11105 outsize=1006 kw= pd= ok=1
Cmd: compileSnippet
  api=4 type=1 insize=11105 outsize=2176 kw= pd= ok=1
Cmd: compileSnippet
  api=4 type=0 insize=11096 outsize=1006 kw= pd= ok=1
Cmd: compileSnippet
  api=4 type=1 insize=11096 outsize=859 kw= pd= ok=1
Cmd: compileSnippet
  api=4 type=0 insize=11098 outsize=1006 kw= pd= ok=1
Cmd: compileSnippet
  api=4 type=1 insize=11098 outsize=1932 kw= pd= ok=1
Cmd: compileSnippet
  api=4 type=0 insize=11103 outsize=1006 kw= pd= ok=1
Cmd: compileSnippet
  api=4 type=1 insize=11103 outsize=3719 kw= pd= ok=1
Cmd: compileSnippet
  api=4 type=0 insize=11113 outsize=1006 kw= pd= ok=1
Cmd: compileSnippet
  api=4 type=1 insize=11113 outsize=5897 kw= pd= ok=1
Cmd: compileSnippet
  api=4 type=0 insize=11100 outsize=1006 kw= pd= ok=1
Cmd: compileSnippet
  api=4 type=1 insize=11100 outsize=1631 kw= pd= ok=1
Cmd: compileSnippet
  api=4 type=0 insize=11106 outsize=1006 kw= pd= ok=1
Cmd: compileSnippet
  api=4 type=1 insize=11106 outsize=3029 kw= pd= ok=1
Cmd: compileSnippet
  api=4 type=0 insize=11112 outsize=1006 kw= pd= ok=1
Cmd: compileSnippet
  api=4 type=1 insize=11112 outsize=9293 kw= pd= ok=1
Cmd: preprocess
  insize=963 outsize=333 ok=1
Cmd: compileSnippet
  api=4 type=0 insize=935 outsize=1006 kw= pd= ok=1
Cmd: compileSnippet
  api=4 type=1 insize=935 outsize=1054 kw= pd= ok=1
Cmd: preprocess
  insize=6023 outsize=731 ok=1
Cmd: compileSnippet
  api=4 type=0 insize=5294 outsize=1875 kw= pd= ok=1
Cmd: compileSnippet
  api=4 type=1 insize=5294 outsize=4394 kw= pd= ok=1
Cmd: compileSnippet
  api=4 type=0 insize=5302 outsize=1875 kw= pd= ok=1
Cmd: compileSnippet
  api=4 type=1 insize=5302 outsize=3508 kw= pd= ok=1
Cmd: compileSnippet
  api=4 type=0 insize=5296 outsize=1875 kw= pd= ok=1
Cmd: compileSnippet
  api=4 type=1 insize=5296 outsize=3524 kw= pd= ok=1
Cmd: compileSnippet
  api=4 type=0 insize=5307 outsize=1875 kw= pd= ok=1
Cmd: compileSnippet
  api=4 type=1 insize=5307 outsize=2704 kw= pd= ok=1
Cmd: compileSnippet
  api=4 type=0 insize=5302 outsize=1875 kw= pd= ok=1
Cmd: compileSnippet
  api=4 type=1 insize=5302 outsize=1924 kw= pd= ok=1
Cmd: preprocess
  insize=2677 outsize=761 ok=1
Cmd: compileSnippet
  api=4 type=0 insize=2189 outsize=1444 kw= pd= ok=1
Cmd: compileSnippet
  api=4 type=1 insize=2189 outsize=949 kw= pd= ok=1
Cmd: compileSnippet
  api=4 type=0 insize=2189 outsize=1444 kw= pd= ok=1
Cmd: compileSnippet
  api=4 type=1 insize=2189 outsize=1176 kw= pd= ok=1
Cmd: compileSnippet
  api=4 type=0 insize=2193 outsize=1444 kw= pd= ok=1
Cmd: compileSnippet
  api=4 type=1 insize=2193 outsize=989 kw= pd= ok=1
Cmd: compileSnippet
  api=4 type=0 insize=2192 outsize=1444 kw= pd= ok=1
Cmd: compileSnippet
  api=4 type=1 insize=2192 outsize=1989 kw= pd= ok=1
Cmd: compileSnippet
  api=4 type=0 insize=2195 outsize=1444 kw= pd= ok=1
Cmd: compileSnippet
  api=4 type=1 insize=2195 outsize=973 kw= pd= ok=1
Cmd: preprocess
  insize=10773 outsize=2532 ok=1
Cmd: compileSnippet
  api=4 type=0 insize=8468 outsize=1314 kw= pd= ok=1
Cmd: compileSnippet
  api=4 type=1 insize=8468 outsize=4475 kw= pd= ok=1
Cmd: compileSnippet
  api=4 type=0 insize=8473 outsize=1314 kw= pd= ok=1
Cmd: compileSnippet
  api=4 type=1 insize=8473 outsize=2452 kw= pd= ok=1
Cmd: compileSnippet
  api=4 type=0 insize=8472 outsize=1314 kw= pd= ok=1
Cmd: compileSnippet
  api=4 type=1 insize=8472 outsize=892 kw= pd= ok=1
Cmd: compileSnippet
  api=4 type=0 insize=8476 outsize=1314 kw= pd= ok=1
Cmd: compileSnippet
  api=4 type=1 insize=8476 outsize=1745 kw= pd= ok=1
Cmd: compileSnippet
  api=4 type=0 insize=8475 outsize=1314 kw= pd= ok=1
Cmd: compileSnippet
  api=4 type=1 insize=8475 outsize=1347 kw= pd= ok=1
Cmd: preprocess
  insize=12423 outsize=2312 ok=1
Cmd: compileSnippet
  api=4 type=0 insize=10185 outsize=1006 kw= pd= ok=1
Cmd: compileSnippet
  api=4 type=1 insize=10185 outsize=1193 kw= pd= ok=1
Cmd: compileSnippet
  api=4 type=0 insize=10184 outsize=1006 kw= pd= ok=1
Cmd: compileSnippet
  api=4 type=1 insize=10184 outsize=1631 kw= pd= ok=1
Cmd: compileSnippet
  api=4 type=0 insize=10184 outsize=1006 kw= pd= ok=1
Cmd: compileSnippet
  api=4 type=1 insize=10184 outsize=1704 kw= pd= ok=1
Cmd: compileSnippet
  api=4 type=0 insize=10166 outsize=1006 kw= pd= ok=1
Cmd: compileSnippet
  api=4 type=1 insize=10166 outsize=1225 kw= pd= ok=1
Cmd: compileSnippet
  api=4 type=0 insize=10185 outsize=1006 kw= pd= ok=1
Cmd: compileSnippet
  api=4 type=1 insize=10185 outsize=1355 kw= pd= ok=1
Cmd: compileSnippet
  api=4 type=0 insize=10166 outsize=1006 kw= pd= ok=1
Cmd: compileSnippet
  api=4 type=1 insize=10166 outsize=1623 kw= pd= ok=1
Cmd: compileSnippet
  api=4 type=0 insize=10211 outsize=1363 kw= pd= ok=1
Cmd: compileSnippet
  api=4 type=1 insize=10211 outsize=1867 kw= pd= ok=1
Cmd: compileSnippet
  api=4 type=0 insize=10165 outsize=1006 kw= pd= ok=1
Cmd: compileSnippet
  api=4 type=1 insize=10165 outsize=526 kw= pd= ok=1
Cmd: compileSnippet
  api=4 type=0 insize=10169 outsize=1006 kw= pd= ok=1
Cmd: compileSnippet
  api=4 type=1 insize=10169 outsize=616 kw= pd= ok=1
Cmd: compileSnippet
  api=4 type=0 insize=10191 outsize=2176 kw= pd= ok=1
Cmd: compileSnippet
  api=4 type=1 insize=10191 outsize=3281 kw= pd= ok=1
Cmd: compileSnippet
  api=4 type=0 insize=10185 outsize=2176 kw= pd= ok=1
Cmd: compileSnippet
  api=4 type=1 insize=10185 outsize=3443 kw= pd= ok=1
Cmd: compileSnippet
  api=4 type=0 insize=10191 outsize=2176 kw= pd= ok=1
Cmd: compileSnippet
  api=4 type=1 insize=10191 outsize=3281 kw= pd= ok=1
Cmd: preprocess
  insize=1909 outsize=438 ok=1
Cmd: compileSnippet
  api=4 type=0 insize=1746 outsize=1006 kw= pd= ok=1
Cmd: compileSnippet
  api=4 type=1 insize=1746 outsize=1615 kw= pd= ok=1
Cmd: compileSnippet
  api=4 type=0 insize=1759 outsize=1006 kw= pd= ok=1
Cmd: compileSnippet
  api=4 type=1 insize=1759 outsize=1916 kw= pd= ok=1
Cmd: preprocess
  insize=1530 outsize=277 ok=1
Cmd: compileSnippet
  api=4 type=0 insize=1558 outsize=1753 kw= pd= ok=1
Cmd: compileSnippet
  api=4 type=1 insize=1558 outsize=2371 kw= pd= ok=1
Cmd: preprocess
  insize=23968 outsize=4108 ok=1
Cmd: compileSnippet
  api=4 type=0 insize=19214 outsize=1314 kw= pd= ok=1
Cmd: compileSnippet
  api=4 type=1 insize=19214 outsize=1436 kw= pd= ok=1
Cmd: compileSnippet
  api=4 type=0 insize=19220 outsize=2111 kw= pd= ok=1
Cmd: compileSnippet
  api=4 type=1 insize=19220 outsize=3931 kw= pd= ok=1
Cmd: compileSnippet
  api=4 type=0 insize=19223 outsize=2111 kw= pd= ok=1
Cmd: compileSnippet
  api=4 type=1 insize=19223 outsize=7587 kw= pd= ok=1
Cmd: compileSnippet
  api=4 type=0 insize=19202 outsize=1314 kw= pd= ok=1
Cmd: compileSnippet
  api=4 type=1 insize=19202 outsize=664 kw= pd= ok=1
Cmd: compileSnippet
  api=4 type=0 insize=19218 outsize=1314 kw= pd= ok=1
Cmd: compileSnippet
  api=4 type=1 insize=19218 outsize=1428 kw= pd= ok=1
Cmd: compileSnippet
  api=4 type=0 insize=19205 outsize=1314 kw= pd= ok=1
Cmd: compileSnippet
  api=4 type=1 insize=19205 outsize=2574 kw= pd= ok=1
Cmd: compileSnippet
  api=4 type=0 insize=19216 outsize=1314 kw= pd= ok=1
Cmd: compileSnippet
  api=4 type=1 insize=19216 outsize=2111 kw= pd= ok=1
Cmd: compileSnippet
  api=4 type=0 insize=19212 outsize=1314 kw= pd= ok=1
Cmd: compileSnippet
  api=4 type=1 insize=19212 outsize=843 kw= pd= ok=1
Cmd: compileSnippet
  api=4 type=0 insize=19222 outsize=1314 kw= pd= ok=1
Cmd: compileSnippet
  api=4 type=1 insize=19222 outsize=1501 kw= pd= ok=1
Cmd: compileSnippet
  api=4 type=0 insize=19215 outsize=1314 kw= pd= ok=1
Cmd: compileSnippet
  api=4 type=1 insize=19215 outsize=1233 kw= pd= ok=1
Cmd: compileSnippet
  api=4 type=0 insize=19222 outsize=1314 kw= pd= ok=1
Cmd: compileSnippet
  api=4 type=1 insize=19222 outsize=1818 kw= pd= ok=1
Cmd: compileSnippet
  api=4 type=0 insize=19210 outsize=1314 kw= pd= ok=1
Cmd: compileSnippet
  error: 1 plat 4 at (92): gradient-based operations must be moved out of flow control to prevent divergence. Performance may improve by using a non-gradient operation\nCompiling Fragment program
  error: 1 plat 4 at (168): gradient-based operations must be moved out of flow control to prevent divergence. Performance may improve by using a non-gradient operation\nCompiling Fragment program
  api=4 type=1 insize=19210 outsize=3102 kw= pd= ok=1
Cmd: compileSnippet
  api=4 type=0 insize=19219 outsize=1314 kw= pd= ok=1
Cmd: compileSnippet
  api=4 type=1 insize=19219 outsize=3500 kw= pd= ok=1
Cmd: compileSnippet
  api=4 type=0 insize=19206 outsize=1314 kw= pd= ok=1
Cmd: compileSnippet
  api=4 type=1 insize=19206 outsize=1558 kw= pd= ok=1
Cmd: compileSnippet
  api=4 type=0 insize=19220 outsize=1314 kw= pd= ok=1
Cmd: compileSnippet
  api=4 type=1 insize=19220 outsize=1046 kw= pd= ok=1
Cmd: compileSnippet
  api=4 type=0 insize=19211 outsize=1314 kw= pd= ok=1
Cmd: compileSnippet
  api=4 type=1 insize=19211 outsize=1404 kw= pd= ok=1
Cmd: compileSnippet
  api=4 type=0 insize=19206 outsize=1314 kw= pd= ok=1
Cmd: compileSnippet
  api=4 type=1 insize=19206 outsize=859 kw= pd= ok=1
Cmd: compileSnippet
  api=4 type=0 insize=19210 outsize=1314 kw= pd= ok=1
Cmd: compileSnippet
  error: 1 plat 4 at (97): gradient-based operations must be moved out of flow control to prevent divergence. Performance may improve by using a non-gradient operation\nCompiling Fragment program
  error: 1 plat 4 at (200): gradient-based operations must be moved out of flow control to prevent divergence. Performance may improve by using a non-gradient operation\nCompiling Fragment program
  api=4 type=1 insize=19210 outsize=3858 kw= pd= ok=1
Cmd: compileSnippet
  api=4 type=0 insize=19219 outsize=1314 kw= pd= ok=1
Cmd: compileSnippet
  api=4 type=1 insize=19219 outsize=3760 kw= pd= ok=1
Cmd: compileSnippet
  api=4 type=0 insize=19228 outsize=2111 kw= pd= ok=1
Cmd: compileSnippet
  api=4 type=1 insize=19228 outsize=4670 kw= pd= ok=1
Cmd: compileSnippet
  api=4 type=0 insize=19207 outsize=1314 kw= pd= ok=1
Cmd: compileSnippet
  api=4 type=1 insize=19207 outsize=778 kw= pd= ok=1
Cmd: compileSnippet
  api=4 type=0 insize=19209 outsize=1314 kw= pd= ok=1
Cmd: compileSnippet
  api=4 type=1 insize=19209 outsize=2574 kw= pd= ok=1
Cmd: compileSnippet
  api=4 type=0 insize=19225 outsize=1314 kw= pd= ok=1
Cmd: compileSnippet
  api=4 type=1 insize=19225 outsize=664 kw= pd= ok=1
Cmd: preprocess
  insize=3938 outsize=531 ok=1
Cmd: compileSnippet
  api=4 type=0 insize=3713 outsize=1753 kw= pd= ok=1
Cmd: compileSnippet
  api=4 type=1 insize=3713 outsize=3305 kw= pd= ok=1
Cmd: compileSnippet
  api=4 type=0 insize=3725 outsize=1753 kw= pd= ok=1
Cmd: compileSnippet
  api=4 type=1 insize=3725 outsize=1794 kw= pd= ok=1
Cmd: compileSnippet
  api=4 type=0 insize=3716 outsize=1753 kw= pd= ok=1
Cmd: compileSnippet
  api=4 type=1 insize=3716 outsize=2395 kw= pd= ok=1
Cmd: preprocess
  insize=1675 outsize=280 ok=1
Cmd: compileSnippet
  api=4 type=0 insize=1697 outsize=1729 kw= pd= ok=1
Cmd: compileSnippet
  api=4 type=1 insize=1697 outsize=4629 kw= pd= ok=1
Cmd: preprocess
  insize=965 outsize=333 ok=1
Cmd: compileSnippet
  api=4 type=0 insize=934 outsize=1006 kw= pd= ok=1
Cmd: compileSnippet
  api=4 type=1 insize=934 outsize=1298 kw= pd= ok=1
Cmd: preprocess
  insize=1082 outsize=404 ok=1
Cmd: compileSnippet
  api=4 type=0 insize=951 outsize=1006 kw= pd= ok=1
Cmd: compileSnippet
  api=4 type=1 insize=951 outsize=965 kw= pd= ok=1
Cmd: compileSnippet
  api=4 type=0 insize=957 outsize=1006 kw= pd= ok=1
Cmd: compileSnippet
  api=4 type=1 insize=957 outsize=1022 kw= pd= ok=1
Cmd: preprocess
  insize=673 outsize=248 ok=1
Cmd: compileSnippet
  api=4 type=0 insize=724 outsize=1006 kw= pd= ok=1
Cmd: compileSnippet
  api=4 type=1 insize=724 outsize=835 kw= pd= ok=1
Cmd: preprocess
  insize=5564 outsize=855 ok=1
Cmd: compileSnippet
  api=4 type=0 insize=4897 outsize=1574 kw= pd= ok=1
Cmd: compileSnippet
  api=4 type=1 insize=4897 outsize=2151 kw= pd= ok=1
Cmd: compileSnippet
  api=4 type=0 insize=4899 outsize=1574 kw= pd= ok=1
Cmd: compileSnippet
  api=4 type=1 insize=4899 outsize=1656 kw= pd= ok=1
Cmd: compileSnippet
  api=4 type=0 insize=4903 outsize=1574 kw= pd= ok=1
Cmd: compileSnippet
  api=4 type=1 insize=4903 outsize=1818 kw= pd= ok=1
Cmd: compileSnippet
  api=4 type=0 insize=4912 outsize=1006 kw= pd= ok=1
Cmd: compileSnippet
  api=4 type=1 insize=4912 outsize=1054 kw= pd= ok=1
Cmd: compileSnippet
  api=4 type=0 insize=4893 outsize=1574 kw= pd= ok=1
Cmd: compileSnippet
  api=4 type=1 insize=4893 outsize=2151 kw= pd= ok=1
Cmd: preprocess
  insize=5171 outsize=737 ok=1
Cmd: compileSnippet
  api=4 type=0 insize=4605 outsize=1006 kw= pd= ok=1
Cmd: compileSnippet
  api=4 type=1 insize=4605 outsize=1201 kw= pd= ok=1
Cmd: compileSnippet
  api=4 type=0 insize=4609 outsize=2151 kw= pd= ok=1
Cmd: compileSnippet
  api=4 type=1 insize=4609 outsize=1851 kw= pd= ok=1
Cmd: compileSnippet
  api=4 type=0 insize=4619 outsize=2159 kw= pd= ok=1
Cmd: compileSnippet
  api=4 type=1 insize=4619 outsize=2753 kw= pd= ok=1
Cmd: compileSnippet
  api=4 type=0 insize=4614 outsize=2159 kw= pd= ok=1
Cmd: compileSnippet
  api=4 type=1 insize=4614 outsize=2419 kw= pd= ok=1
Cmd: compileSnippet
  api=4 type=0 insize=4620 outsize=1753 kw= pd= ok=1
Cmd: compileSnippet
  api=4 type=1 insize=4620 outsize=2371 kw= pd= ok=1
Cmd: preprocess
  insize=520 outsize=341 ok=1
Cmd: compileSnippet
  api=4 type=0 insize=481 outsize=1006 kw= pd= ok=1
Cmd: compileSnippet
  api=4 type=1 insize=481 outsize=1274 kw= pd= ok=1
Cmd: preprocess
  insize=6414 outsize=902 ok=1
Cmd: compileSnippet
  api=4 type=0 insize=5582 outsize=1314 kw= pd= ok=1
Cmd: compileSnippet
  api=4 type=1 insize=5582 outsize=811 kw= pd= ok=1
Cmd: compileSnippet
  api=4 type=0 insize=5581 outsize=1314 kw= pd= ok=1
Cmd: compileSnippet
  api=4 type=1 insize=5581 outsize=908 kw= pd= ok=1
Cmd: compileSnippet
  api=4 type=0 insize=5575 outsize=1314 kw= pd= ok=1
Cmd: compileSnippet
  api=4 type=1 insize=5575 outsize=2639 kw= pd= ok=1
Cmd: compileSnippet
  api=4 type=0 insize=5574 outsize=1314 kw= pd= ok=1
Cmd: compileSnippet
  api=4 type=1 insize=5574 outsize=2793 kw= pd= ok=1
Cmd: compileSnippet
  api=4 type=0 insize=5577 outsize=1314 kw= pd= ok=1
Cmd: compileSnippet
  api=4 type=1 insize=5577 outsize=2907 kw= pd= ok=1
Cmd: compileSnippet
  api=4 type=0 insize=5576 outsize=1314 kw= pd= ok=1
Cmd: compileSnippet
  api=4 type=1 insize=5576 outsize=2964 kw= pd= ok=1
Cmd: compileSnippet
  api=4 type=0 insize=5578 outsize=1314 kw= pd= ok=1
Cmd: compileSnippet
  api=4 type=1 insize=5578 outsize=1014 kw= pd= ok=1
Cmd: preprocess
  insize=32583 outsize=255 ok=1
Cmd: compileSnippet
  api=4 type=0 insize=32630 outsize=1006 kw= pd= ok=1
Cmd: compileSnippet
  api=4 type=1 insize=32630 outsize=10699 kw= pd= ok=1
Cmd: preprocess
  insize=5175 outsize=1721 ok=1
Cmd: compileSnippet
  api=4 type=0 insize=3758 outsize=1769 kw= pd= ok=1
Cmd: compileSnippet
  api=4 type=1 insize=3758 outsize=6961 kw= pd= ok=1
Cmd: preprocess
  insize=6737 outsize=236 ok=1
Cmd: compileSnippet
  api=4 type=0 insize=6803 outsize=1396 kw= pd= ok=1
Cmd: compileSnippet
  api=4 type=1 insize=6803 outsize=4434 kw= pd= ok=1
Cmd: preprocess
  insize=4268 outsize=418 ok=1
Cmd: compileSnippet
  api=4 type=0 insize=4125 outsize=2216 kw= pd= ok=1
Cmd: compileSnippet
  api=4 type=1 insize=4125 outsize=7043 kw= pd= ok=1
Cmd: compileSnippet
  api=4 type=0 insize=4130 outsize=2216 kw= pd= ok=1
Cmd: compileSnippet
  api=4 type=1 insize=4130 outsize=6108 kw= pd= ok=1
Cmd: preprocess
  insize=4608 outsize=887 ok=1
Cmd: compileSnippet
  api=4 type=0 insize=3943 outsize=1314 kw= pd= ok=1
Cmd: compileSnippet
  api=4 type=1 insize=3943 outsize=1217 kw= pd= ok=1
Cmd: compileSnippet
  api=4 type=0 insize=3951 outsize=1249 kw= pd= ok=1
Cmd: compileSnippet
  api=4 type=1 insize=3951 outsize=1201 kw= pd= ok=1
Cmd: compileSnippet
  api=4 type=0 insize=3943 outsize=1314 kw= pd= ok=1
Cmd: compileSnippet
  api=4 type=1 insize=3943 outsize=1721 kw= pd= ok=1
Cmd: compileSnippet
  api=4 type=0 insize=3945 outsize=1314 kw= pd= ok=1
Cmd: compileSnippet
  api=4 type=1 insize=3945 outsize=2021 kw= pd= ok=1
Cmd: compileSnippet
  api=4 type=0 insize=3940 outsize=1314 kw= pd= ok=1
Cmd: compileSnippet
  api=4 type=1 insize=3940 outsize=989 kw= pd= ok=1
Cmd: preprocess
  insize=5717 outsize=1219 ok=1
Cmd: compileSnippet
  api=4 type=0 insize=4250 outsize=1444 kw= pd= ok=1
Cmd: compileSnippet
  api=4 type=1 insize=4250 outsize=3208 kw= pd= ok=1
Cmd: compileSnippet
  error: 1 plat 4 at (72): Output value 'vertApply' is not completely initialized\nCompiling Vertex program
  api=4 type=0 insize=3336 outsize=1201 kw= pd= ok=1
Cmd: compileSnippet
  api=4 type=1 insize=3336 outsize=1672 kw= pd= ok=1
Cmd: compileSnippet
  api=4 type=4 insize=3336 outsize=3606 kw= pd= ok=1
Cmd: compileSnippet
  error: 1 plat 4 at (72): Output value 'vertApply' is not completely initialized\nCompiling Vertex program
  api=4 type=0 insize=3336 outsize=1201 kw= pd= ok=1
Cmd: compileSnippet
  api=4 type=1 insize=3336 outsize=1672 kw= pd= ok=1
Cmd: compileSnippet
  api=4 type=4 insize=3336 outsize=3606 kw= pd= ok=1
Cmd: preprocess
  insize=716 outsize=286 ok=1
Cmd: compileSnippet
  api=4 type=0 insize=732 outsize=1006 kw= pd= ok=1
Cmd: compileSnippet
  api=4 type=1 insize=732 outsize=673 kw= pd= ok=1
Cmd: preprocess
  insize=656 outsize=299 ok=1
Cmd: compileSnippet
  api=4 type=0 insize=657 outsize=1006 kw= pd= ok=1
Cmd: compileSnippet
  api=4 type=1 insize=657 outsize=1404 kw= pd= ok=1
Cmd: preprocess
  insize=3696 outsize=630 ok=1
Cmd: compileSnippet
  api=4 type=0 insize=3278 outsize=1006 kw= pd= ok=1
Cmd: compileSnippet
  api=4 type=1 insize=3278 outsize=1274 kw= pd= ok=1
Cmd: compileSnippet
  api=4 type=0 insize=3285 outsize=2151 kw= pd= ok=1
Cmd: compileSnippet
  api=4 type=1 insize=3285 outsize=1851 kw= pd= ok=1
Cmd: compileSnippet
  api=4 type=0 insize=3294 outsize=2135 kw= pd= ok=1
Cmd: compileSnippet
  api=4 type=1 insize=3294 outsize=2208 kw= pd= ok=1
Cmd: compileSnippet
  api=4 type=0 insize=3289 outsize=2135 kw= pd= ok=1
Cmd: compileSnippet
  api=4 type=1 insize=3289 outsize=2419 kw= pd= ok=1
Cmd: preprocess
  insize=799 outsize=276 ok=1
Cmd: compileSnippet
  api=4 type=0 insize=828 outsize=1006 kw= pd= ok=1
Cmd: compileSnippet
  api=4 type=1 insize=828 outsize=1103 kw= pd= ok=1
Cmd: preprocess
  insize=1265 outsize=272 ok=1
Cmd: compileSnippet
  api=4 type=0 insize=1298 outsize=1574 kw= pd= ok=1
Cmd: compileSnippet
  api=4 type=1 insize=1298 outsize=1956 kw= pd= ok=1
Cmd: preprocess
  insize=2015 outsize=946 ok=1
Cmd: compileSnippet
  api=4 type=0 insize=859 outsize=1087 kw= pd= ok=1
Cmd: compileSnippet
  api=4 type=1 insize=859 outsize=754 kw= pd= ok=1
Cmd: compileSnippet
  api=4 type=0 insize=814 outsize=1087 kw= pd= ok=1
Cmd: compileSnippet
  api=4 type=1 insize=814 outsize=616 kw= pd= ok=1
Cmd: preprocess
  insize=5095 outsize=700 ok=1
Cmd: compileSnippet
  api=4 type=0 insize=4659 outsize=1014 kw= pd= ok=1
Cmd: compileSnippet
  api=4 type=1 insize=4659 outsize=1964 kw= pd= ok=1
Cmd: compileSnippet
  api=4 type=0 insize=4664 outsize=1014 kw= pd= ok=1
Cmd: compileSnippet
  api=4 type=1 insize=4664 outsize=1696 kw= pd= ok=1
Cmd: compileSnippet
  api=4 type=0 insize=4674 outsize=1014 kw= pd= ok=1
Cmd: compileSnippet
  error: 1 plat 4 at (151): integer modulus may be much slower, try using uints if possible.\nCompiling Fragment program
  api=4 type=1 insize=4674 outsize=6466 kw= pd= ok=1
Cmd: preprocess
  insize=1017 outsize=470 ok=1
Cmd: compileSnippet
  api=4 type=0 insize=849 outsize=1144 kw= pd= ok=1
Cmd: compileSnippet
  api=4 type=1 insize=849 outsize=1038 kw= pd= ok=1
Cmd: preprocess
  insize=1139 outsize=364 ok=1
Cmd: compileSnippet
  api=4 type=0 insize=1080 outsize=1249 kw= pd= ok=1
Cmd: compileSnippet
  api=4 type=1 insize=1080 outsize=1201 kw= pd= ok=1
Cmd: preprocess
  insize=512 outsize=241 ok=1
Cmd: compileSnippet
  api=4 type=0 insize=573 outsize=843 kw= pd= ok=1
Cmd: compileSnippet
  api=4 type=1 insize=573 outsize=453 kw= pd= ok=1
Cmd: preprocess
  insize=650 outsize=290 ok=1
Cmd: compileSnippet
  api=4 type=0 insize=665 outsize=1006 kw= pd= ok=1
Cmd: compileSnippet
  api=4 type=1 insize=665 outsize=729 kw= pd= ok=1
Cmd: preprocess
  insize=5006 outsize=866 ok=1
Cmd: compileSnippet
  api=4 type=0 insize=4390 outsize=1599 kw= pd= ok=1
Cmd: compileSnippet
  api=4 type=1 insize=4390 outsize=1323 kw= pd= ok=1
Cmd: compileSnippet
  api=4 type=0 insize=4394 outsize=1412 kw= pd= ok=1
Cmd: compileSnippet
  api=4 type=1 insize=4394 outsize=1534 kw= pd= ok=1
Cmd: compileSnippet
  api=4 type=0 insize=4395 outsize=1412 kw= pd= ok=1
Cmd: compileSnippet
  api=4 type=1 insize=4395 outsize=1534 kw= pd= ok=1
Cmd: compileSnippet
  api=4 type=0 insize=4399 outsize=1769 kw= pd= ok=1
Cmd: compileSnippet
  api=4 type=1 insize=4399 outsize=1802 kw= pd= ok=1
Cmd: compileSnippet
  api=4 type=0 insize=4400 outsize=1769 kw= pd= ok=1
Cmd: compileSnippet
  api=4 type=1 insize=4400 outsize=1802 kw= pd= ok=1
Cmd: compileSnippet
  api=4 type=0 insize=751 outsize=3533 kw=SHADOWS_DEPTH pd= ok=1
Cmd: compileSnippet
  api=4 type=1 insize=751 outsize=380 kw=SHADOWS_DEPTH pd= ok=1
Cmd: compileSnippet
  api=4 type=0 insize=982 outsize=3979 kw=DIRECTIONAL SHADOWS_OFF LIGHTMAP_OFF DIRLIGHTMAP_OFF DYNAMICLIGHTMAP_OFF pd= ok=1
Cmd: compileSnippet
  api=4 type=1 insize=982 outsize=10618 kw=DIRECTIONAL SHADOWS_OFF LIGHTMAP_OFF DIRLIGHTMAP_OFF DYNAMICLIGHTMAP_OFF pd= ok=1
Cmd: compileSnippet
  api=4 type=0 insize=938 outsize=4101 kw=DIRECTIONAL SHADOWS_OFF pd= ok=1
Cmd: compileSnippet
  api=4 type=1 insize=938 outsize=5515 kw=DIRECTIONAL SHADOWS_OFF pd= ok=1
Cmd: compileSnippet
  api=4 type=0 insize=751 outsize=3776 kw=SHADOWS_DEPTH _ALPHABLEND_ON pd= ok=1
Cmd: compileSnippet
  api=4 type=1 insize=751 outsize=1233 kw=SHADOWS_DEPTH _ALPHABLEND_ON pd= ok=1
Cmd: compileSnippet
  api=4 type=0 insize=982 outsize=3979 kw=DIRECTIONAL SHADOWS_OFF LIGHTMAP_OFF DIRLIGHTMAP_OFF DYNAMICLIGHTMAP_OFF _ALPHABLEND_ON pd= ok=1
Cmd: compileSnippet
  api=4 type=1 insize=982 outsize=10642 kw=DIRECTIONAL SHADOWS_OFF LIGHTMAP_OFF DIRLIGHTMAP_OFF DYNAMICLIGHTMAP_OFF _ALPHABLEND_ON pd= ok=1
Cmd: compileSnippet
  api=4 type=0 insize=938 outsize=4101 kw=DIRECTIONAL SHADOWS_OFF _ALPHABLEND_ON pd= ok=1
Cmd: compileSnippet
  api=4 type=1 insize=938 outsize=5539 kw=DIRECTIONAL SHADOWS_OFF _ALPHABLEND_ON pd= ok=1
Cmd: compileSnippet
  api=4 type=0 insize=982 outsize=3979 kw=DIRECTIONAL SHADOWS_OFF LIGHTMAP_OFF DIRLIGHTMAP_OFF DYNAMICLIGHTMAP_OFF _EMISSION _ALPHABLEND_ON pd= ok=1
Cmd: compileSnippet
  api=4 type=1 insize=982 outsize=10853 kw=DIRECTIONAL SHADOWS_OFF LIGHTMAP_OFF DIRLIGHTMAP_OFF DYNAMICLIGHTMAP_OFF _EMISSION _ALPHABLEND_ON pd= ok=1
Cmd: compileSnippet
  api=4 type=0 insize=530 outsize=2224 kw= pd= ok=1
Cmd: compileSnippet
  api=4 type=1 insize=530 outsize=1899 kw= pd= ok=1
Cmd: compileSnippet
  api=4 type=0 insize=982 outsize=4776 kw=DIRECTIONAL SHADOWS_SCREEN LIGHTMAP_OFF DIRLIGHTMAP_COMBINED DYNAMICLIGHTMAP_ON pd= ok=1
Cmd: compileSnippet
  api=4 type=1 insize=982 outsize=11389 kw=DIRECTIONAL SHADOWS_SCREEN LIGHTMAP_OFF DIRLIGHTMAP_COMBINED DYNAMICLIGHTMAP_ON pd= ok=1
Cmd: compileSnippet
  api=4 type=0 insize=1420 outsize=1379 kw= pd= ok=1
Cmd: compileSnippet
  api=4 type=1 insize=1420 outsize=1704 kw= pd= ok=1
Cmd: compileSnippet
  api=4 type=0 insize=982 outsize=4337 kw=DIRECTIONAL SHADOWS_SCREEN LIGHTMAP_OFF DIRLIGHTMAP_OFF DYNAMICLIGHTMAP_OFF pd= ok=1
Cmd: compileSnippet
  api=4 type=1 insize=982 outsize=10926 kw=DIRECTIONAL SHADOWS_SCREEN LIGHTMAP_OFF DIRLIGHTMAP_OFF DYNAMICLIGHTMAP_OFF pd= ok=1
Cmd: compileSnippet
  api=4 type=0 insize=982 outsize=4418 kw=DIRECTIONAL SHADOWS_OFF LIGHTMAP_OFF DIRLIGHTMAP_COMBINED DYNAMICLIGHTMAP_ON pd= ok=1
Cmd: compileSnippet
  api=4 type=1 insize=982 outsize=11081 kw=DIRECTIONAL SHADOWS_OFF LIGHTMAP_OFF DIRLIGHTMAP_COMBINED DYNAMICLIGHTMAP_ON pd= ok=1
Cmd: compileSnippet
  api=4 type=0 insize=1482 outsize=1290 kw=SOFTPARTICLES_OFF pd= ok=1
Cmd: compileSnippet
  api=4 type=1 insize=1482 outsize=827 kw=SOFTPARTICLES_OFF pd= ok=1
Cmd: compileSnippet
  api=1 type=0 insize=982 outsize=842 kw=DIRECTIONAL SHADOWS_OFF LIGHTMAP_OFF DIRLIGHTMAP_OFF DYNAMICLIGHTMAP_OFF pd= ok=1
Cmd: compileSnippet
  api=1 type=0 insize=982 outsize=991 kw=DIRECTIONAL SHADOWS_SCREEN LIGHTMAP_OFF DIRLIGHTMAP_OFF DYNAMICLIGHTMAP_OFF pd= ok=1
Cmd: compileSnippet
  api=1 type=0 insize=982 outsize=1095 kw=DIRECTIONAL SHADOWS_SCREEN LIGHTMAP_OFF DIRLIGHTMAP_COMBINED DYNAMICLIGHTMAP_ON pd= ok=1
Cmd: compileSnippet
  api=1 type=0 insize=982 outsize=946 kw=DIRECTIONAL SHADOWS_OFF LIGHTMAP_OFF DIRLIGHTMAP_COMBINED DYNAMICLIGHTMAP_ON VERTEXLIGHT_ON pd= ok=1
Cmd: compileSnippet
  api=1 type=0 insize=982 outsize=1095 kw=DIRECTIONAL SHADOWS_SCREEN LIGHTMAP_OFF DIRLIGHTMAP_COMBINED DYNAMICLIGHTMAP_ON VERTEXLIGHT_ON pd= ok=1
Cmd: compileSnippet
  api=1 type=0 insize=982 outsize=946 kw=DIRECTIONAL SHADOWS_OFF LIGHTMAP_OFF DIRLIGHTMAP_COMBINED DYNAMICLIGHTMAP_ON _EMISSION pd= ok=1
Cmd: compileSnippet
  api=1 type=0 insize=982 outsize=1095 kw=DIRECTIONAL SHADOWS_SCREEN LIGHTMAP_OFF DIRLIGHTMAP_COMBINED DYNAMICLIGHTMAP_ON _EMISSION pd= ok=1
Cmd: compileSnippet
  api=4 type=0 insize=982 outsize=5393 kw=DIRECTIONAL SHADOWS_OFF LIGHTMAP_OFF DIRLIGHTMAP_OFF DYNAMICLIGHTMAP_OFF _EMISSION VERTEXLIGHT_ON pd= ok=1
Cmd: compileSnippet
  api=1 type=0 insize=982 outsize=1095 kw=DIRECTIONAL SHADOWS_SCREEN LIGHTMAP_OFF DIRLIGHTMAP_COMBINED DYNAMICLIGHTMAP_ON _EMISSION VERTEXLIGHT_ON pd= ok=1
Cmd: compileSnippet
  api=1 type=0 insize=982 outsize=842 kw=DIRECTIONAL SHADOWS_OFF LIGHTMAP_OFF DIRLIGHTMAP_OFF DYNAMICLIGHTMAP_OFF _ALPHABLEND_ON pd= ok=1
Cmd: compileSnippet
  api=4 type=0 insize=982 outsize=4337 kw=DIRECTIONAL SHADOWS_SCREEN LIGHTMAP_OFF DIRLIGHTMAP_OFF DYNAMICLIGHTMAP_OFF _ALPHABLEND_ON pd= ok=1
Cmd: compileSnippet
  api=1 type=0 insize=982 outsize=1485 kw=DIRECTIONAL SHADOWS_SCREEN LIGHTMAP_OFF DIRLIGHTMAP_OFF DYNAMICLIGHTMAP_OFF VERTEXLIGHT_ON _ALPHABLEND_ON pd= ok=1
Cmd: compileSnippet
  api=1 type=0 insize=982 outsize=842 kw=DIRECTIONAL SHADOWS_OFF LIGHTMAP_OFF DIRLIGHTMAP_OFF DYNAMICLIGHTMAP_OFF _EMISSION _ALPHABLEND_ON pd= ok=1
Cmd: compileSnippet
  api=1 type=0 insize=982 outsize=991 kw=DIRECTIONAL SHADOWS_SCREEN LIGHTMAP_OFF DIRLIGHTMAP_OFF DYNAMICLIGHTMAP_OFF _EMISSION _ALPHABLEND_ON pd= ok=1
Cmd: compileSnippet
  api=1 type=0 insize=982 outsize=1336 kw=DIRECTIONAL SHADOWS_OFF LIGHTMAP_OFF DIRLIGHTMAP_OFF DYNAMICLIGHTMAP_OFF _EMISSION VERTEXLIGHT_ON _ALPHABLEND_ON pd= ok=1
Cmd: compileSnippet
  api=1 type=0 insize=982 outsize=1485 kw=DIRECTIONAL SHADOWS_SCREEN LIGHTMAP_OFF DIRLIGHTMAP_OFF DYNAMICLIGHTMAP_OFF _EMISSION VERTEXLIGHT_ON _ALPHABLEND_ON pd= ok=1
Cmd: compileSnippet
  api=1 type=1 insize=982 outsize=4121 kw=DIRECTIONAL SHADOWS_SCREEN LIGHTMAP_OFF DIRLIGHTMAP_COMBINED DYNAMICLIGHTMAP_ON pd= ok=1
Cmd: compileSnippet
  api=4 type=1 insize=982 outsize=11292 kw=DIRECTIONAL SHADOWS_OFF LIGHTMAP_OFF DIRLIGHTMAP_COMBINED DYNAMICLIGHTMAP_ON _EMISSION pd= ok=1
Cmd: compileSnippet
  api=1 type=1 insize=982 outsize=4175 kw=DIRECTIONAL SHADOWS_SCREEN LIGHTMAP_OFF DIRLIGHTMAP_COMBINED DYNAMICLIGHTMAP_ON _EMISSION pd= ok=1
Cmd: compileSnippet
  api=1 type=1 insize=982 outsize=3856 kw=DIRECTIONAL SHADOWS_SCREEN LIGHTMAP_OFF DIRLIGHTMAP_OFF DYNAMICLIGHTMAP_OFF _ALPHABLEND_ON pd= ok=1
Cmd: compileSnippet
  api=1 type=1 insize=982 outsize=3798 kw=DIRECTIONAL SHADOWS_OFF LIGHTMAP_OFF DIRLIGHTMAP_OFF DYNAMICLIGHTMAP_OFF _EMISSION _ALPHABLEND_ON pd= ok=1
Cmd: compileSnippet
  api=4 type=1 insize=982 outsize=11162 kw=DIRECTIONAL SHADOWS_SCREEN LIGHTMAP_OFF DIRLIGHTMAP_OFF DYNAMICLIGHTMAP_OFF _EMISSION _ALPHABLEND_ON pd= ok=1
Cmd: compileSnippet
  api=1 type=0 insize=938 outsize=923 kw=POINT SHADOWS_OFF pd= ok=1
Cmd: compileSnippet
  api=4 type=0 insize=938 outsize=4792 kw=SPOT SHADOWS_OFF pd= ok=1
Cmd: compileSnippet
  api=1 type=0 insize=938 outsize=999 kw=DIRECTIONAL SHADOWS_SCREEN pd= ok=1
Cmd: compileSnippet
  api=4 type=0 insize=938 outsize=5149 kw=DIRECTIONAL_COOKIE SHADOWS_SCREEN pd= ok=1
Cmd: compileSnippet
  api=4 type=0 insize=938 outsize=4938 kw=POINT_COOKIE SHADOWS_CUBE pd= ok=1
Cmd: compileSnippet
  api=4 type=0 insize=938 outsize=4938 kw=POINT SHADOWS_CUBE SHADOWS_SOFT pd= ok=1
Cmd: compileSnippet
  api=4 type=0 insize=938 outsize=4792 kw=POINT SHADOWS_OFF _ALPHABLEND_ON pd= ok=1
Cmd: compileSnippet
  api=1 type=0 insize=938 outsize=923 kw=POINT_COOKIE SHADOWS_OFF _ALPHABLEND_ON pd= ok=1
Cmd: compileSnippet
  api=1 type=0 insize=938 outsize=1027 kw=SPOT SHADOWS_DEPTH SHADOWS_NATIVE _ALPHABLEND_ON pd= ok=1
Cmd: compileSnippet
  api=1 type=0 insize=938 outsize=1073 kw=DIRECTIONAL_COOKIE SHADOWS_SCREEN _ALPHABLEND_ON pd= ok=1
Cmd: compileSnippet
  api=4 type=0 insize=938 outsize=4938 kw=POINT SHADOWS_CUBE _ALPHABLEND_ON pd= ok=1
Cmd: compileSnippet
  api=1 type=0 insize=938 outsize=965 kw=POINT SHADOWS_CUBE SHADOWS_SOFT _ALPHABLEND_ON pd= ok=1
Cmd: compileSnippet
  api=1 type=1 insize=938 outsize=2142 kw=POINT SHADOWS_OFF pd= ok=1
Cmd: compileSnippet
  api=1 type=1 insize=938 outsize=2192 kw=POINT_COOKIE SHADOWS_OFF pd= ok=1
Cmd: compileSnippet
  api=1 type=1 insize=938 outsize=2370 kw=SPOT SHADOWS_DEPTH SHADOWS_NATIVE pd= ok=1
Cmd: compileSnippet
  api=1 type=1 insize=938 outsize=2357 kw=POINT SHADOWS_CUBE pd= ok=1
Cmd: compileSnippet
  api=1 type=1 insize=938 outsize=2646 kw=SPOT SHADOWS_DEPTH SHADOWS_SOFT SHADOWS_NATIVE pd= ok=1
Cmd: compileSnippet
  api=1 type=1 insize=938 outsize=2673 kw=POINT_COOKIE SHADOWS_CUBE SHADOWS_SOFT pd= ok=1
Cmd: compileSnippet
  api=1 type=1 insize=938 outsize=2067 kw=DIRECTIONAL SHADOWS_OFF _ALPHABLEND_ON pd= ok=1
Cmd: compileSnippet
  api=4 type=1 insize=938 outsize=6173 kw=POINT_COOKIE SHADOWS_OFF _ALPHABLEND_ON pd= ok=1
Cmd: compileSnippet
  api=4 type=1 insize=938 outsize=7075 kw=SPOT SHADOWS_DEPTH SHADOWS_NATIVE _ALPHABLEND_ON pd= ok=1
Cmd: compileSnippet
  api=1 type=1 insize=938 outsize=2353 kw=POINT SHADOWS_CUBE _ALPHABLEND_ON pd= ok=1
Cmd: compileSnippet
  api=1 type=1 insize=938 outsize=2661 kw=SPOT SHADOWS_DEPTH SHADOWS_SOFT SHADOWS_NATIVE _ALPHABLEND_ON pd= ok=1
Cmd: compileSnippet
  api=4 type=1 insize=938 outsize=7701 kw=POINT_COOKIE SHADOWS_CUBE SHADOWS_SOFT _ALPHABLEND_ON pd= ok=1
Cmd: compileSnippet
  api=1 type=0 insize=751 outsize=814 kw=SHADOWS_DEPTH pd= ok=1
Cmd: compileSnippet
  api=1 type=1 insize=751 outsize=65 kw=SHADOWS_DEPTH pd= ok=1
Cmd: compileSnippet
  api=1 type=0 insize=1152 outsize=842 kw=LIGHTMAP_OFF DIRLIGHTMAP_OFF DYNAMICLIGHTMAP_OFF pd= ok=1
Cmd: compileSnippet
  api=1 type=0 insize=1152 outsize=842 kw=LIGHTMAP_OFF DIRLIGHTMAP_OFF DYNAMICLIGHTMAP_OFF _ALPHABLEND_ON pd= ok=1
Cmd: compileSnippet
  api=1 type=0 insize=1152 outsize=1073 kw=LIGHTMAP_OFF DIRLIGHTMAP_COMBINED DYNAMICLIGHTMAP_OFF pd= ok=1
Cmd: compileSnippet
  api=1 type=0 insize=1152 outsize=1073 kw=LIGHTMAP_OFF DIRLIGHTMAP_COMBINED DYNAMICLIGHTMAP_OFF _ALPHABLEND_ON pd= ok=1
Cmd: compileSnippet
  api=4 type=0 insize=1152 outsize=4418 kw=LIGHTMAP_OFF DIRLIGHTMAP_COMBINED DYNAMICLIGHTMAP_ON pd= ok=1
Cmd: compileSnippet
  api=4 type=0 insize=1152 outsize=4418 kw=LIGHTMAP_OFF DIRLIGHTMAP_COMBINED DYNAMICLIGHTMAP_ON _EMISSION _ALPHABLEND_ON pd= ok=1
Cmd: compileSnippet
  api=4 type=0 insize=1152 outsize=4703 kw=LIGHTMAP_OFF DIRLIGHTMAP_SEPARATE DYNAMICLIGHTMAP_OFF _EMISSION pd= ok=1
Cmd: compileSnippet
  api=4 type=0 insize=1152 outsize=4703 kw=LIGHTMAP_OFF DIRLIGHTMAP_SEPARATE DYNAMICLIGHTMAP_OFF _EMISSION _ALPHABLEND_ON pd= ok=1
Cmd: compileSnippet
  api=1 type=0 insize=1152 outsize=842 kw=LIGHTMAP_OFF DIRLIGHTMAP_OFF DYNAMICLIGHTMAP_OFF _EMISSION UNITY_HDR_ON pd= ok=1
Cmd: compileSnippet
  api=4 type=0 insize=1152 outsize=3979 kw=LIGHTMAP_OFF DIRLIGHTMAP_OFF DYNAMICLIGHTMAP_OFF UNITY_HDR_ON _ALPHABLEND_ON pd= ok=1
Cmd: compileSnippet
  api=1 type=0 insize=1152 outsize=1073 kw=LIGHTMAP_OFF DIRLIGHTMAP_COMBINED DYNAMICLIGHTMAP_OFF UNITY_HDR_ON pd= ok=1
Cmd: compileSnippet
  api=4 type=0 insize=1152 outsize=4703 kw=LIGHTMAP_OFF DIRLIGHTMAP_COMBINED DYNAMICLIGHTMAP_OFF UNITY_HDR_ON _ALPHABLEND_ON pd= ok=1
Cmd: compileSnippet
  api=1 type=0 insize=1152 outsize=946 kw=LIGHTMAP_OFF DIRLIGHTMAP_COMBINED DYNAMICLIGHTMAP_ON UNITY_HDR_ON _ALPHABLEND_ON pd= ok=1
Cmd: compileSnippet
  api=1 type=0 insize=1152 outsize=946 kw=LIGHTMAP_OFF DIRLIGHTMAP_COMBINED DYNAMICLIGHTMAP_ON _EMISSION UNITY_HDR_ON _ALPHABLEND_ON pd= ok=1
Cmd: compileSnippet
  api=1 type=0 insize=1152 outsize=1073 kw=LIGHTMAP_OFF DIRLIGHTMAP_SEPARATE DYNAMICLIGHTMAP_OFF _EMISSION UNITY_HDR_ON pd= ok=1
Cmd: compileSnippet
  api=1 type=1 insize=1152 outsize=677 kw=LIGHTMAP_OFF DIRLIGHTMAP_OFF DYNAMICLIGHTMAP_OFF pd= ok=1
Cmd: compileSnippet
  api=1 type=1 insize=1152 outsize=677 kw=LIGHTMAP_OFF DIRLIGHTMAP_OFF DYNAMICLIGHTMAP_OFF _ALPHABLEND_ON pd= ok=1
Cmd: compileSnippet
  api=1 type=1 insize=1152 outsize=677 kw=LIGHTMAP_OFF DIRLIGHTMAP_COMBINED DYNAMICLIGHTMAP_OFF pd= ok=1
Cmd: compileSnippet
  api=1 type=1 insize=1152 outsize=677 kw=LIGHTMAP_OFF DIRLIGHTMAP_COMBINED DYNAMICLIGHTMAP_OFF _ALPHABLEND_ON pd= ok=1
Cmd: compileSnippet
  api=4 type=1 insize=1152 outsize=3029 kw=LIGHTMAP_OFF DIRLIGHTMAP_COMBINED DYNAMICLIGHTMAP_OFF _EMISSION _ALPHABLEND_ON pd= ok=1
Cmd: compileSnippet
  api=1 type=1 insize=1152 outsize=1030 kw=LIGHTMAP_OFF DIRLIGHTMAP_COMBINED DYNAMICLIGHTMAP_ON _EMISSION _ALPHABLEND_ON pd= ok=1
Cmd: compileSnippet
  api=1 type=1 insize=1152 outsize=677 kw=LIGHTMAP_OFF DIRLIGHTMAP_SEPARATE DYNAMICLIGHTMAP_OFF pd= ok=1
Cmd: compileSnippet
  api=1 type=1 insize=1152 outsize=677 kw=LIGHTMAP_OFF DIRLIGHTMAP_SEPARATE DYNAMICLIGHTMAP_OFF _ALPHABLEND_ON pd= ok=1
Cmd: compileSnippet
  api=4 type=1 insize=1152 outsize=3029 kw=LIGHTMAP_OFF DIRLIGHTMAP_SEPARATE DYNAMICLIGHTMAP_OFF _EMISSION _ALPHABLEND_ON pd= ok=1
Cmd: compileSnippet
  api=1 type=1 insize=1152 outsize=671 kw=LIGHTMAP_OFF DIRLIGHTMAP_OFF DYNAMICLIGHTMAP_OFF _EMISSION UNITY_HDR_ON _ALPHABLEND_ON pd= ok=1
Cmd: compileSnippet
  api=1 type=1 insize=1152 outsize=671 kw=LIGHTMAP_OFF DIRLIGHTMAP_COMBINED DYNAMICLIGHTMAP_OFF _EMISSION UNITY_HDR_ON pd= ok=1
Cmd: compileSnippet
  api=4 type=1 insize=1152 outsize=2769 kw=LIGHTMAP_OFF DIRLIGHTMAP_COMBINED DYNAMICLIGHTMAP_OFF UNITY_HDR_ON _ALPHABLEND_ON pd= ok=1
Cmd: compileSnippet
  api=4 type=1 insize=1152 outsize=3297 kw=LIGHTMAP_OFF DIRLIGHTMAP_COMBINED DYNAMICLIGHTMAP_ON UNITY_HDR_ON pd= ok=1
Cmd: compileSnippet
  api=1 type=1 insize=1152 outsize=918 kw=LIGHTMAP_OFF DIRLIGHTMAP_COMBINED DYNAMICLIGHTMAP_ON UNITY_HDR_ON _ALPHABLEND_ON pd= ok=1
Cmd: compileSnippet
  api=4 type=1 insize=1152 outsize=3508 kw=LIGHTMAP_OFF DIRLIGHTMAP_COMBINED DYNAMICLIGHTMAP_ON _EMISSION UNITY_HDR_ON _ALPHABLEND_ON pd= ok=1
Cmd: compileSnippet
  api=1 type=1 insize=1152 outsize=618 kw=LIGHTMAP_OFF DIRLIGHTMAP_SEPARATE DYNAMICLIGHTMAP_OFF UNITY_HDR_ON _ALPHABLEND_ON pd= ok=1
Cmd: compileSnippet
  api=1 type=1 insize=1152 outsize=671 kw=LIGHTMAP_OFF DIRLIGHTMAP_SEPARATE DYNAMICLIGHTMAP_OFF _EMISSION UNITY_HDR_ON _ALPHABLEND_ON pd= ok=1
Cmd: compileSnippet
  api=1 type=0 insize=530 outsize=567 kw= pd= ok=1
Cmd: compileSnippet
  api=1 type=1 insize=530 outsize=618 kw= pd= ok=1
Cmd: compileSnippet
  api=8 type=1 insize=530 outsize=4786 kw=_EMISSION pd=UNITY_NO_SCREENSPACE_SHADOWS UNITY_NO_LINEAR_COLORSPACE ok=1
Cmd: compileSnippet
  api=1 type=0 insize=886 outsize=851 kw=DIRECTIONAL SHADOWS_OFF LIGHTMAP_OFF DIRLIGHTMAP_OFF DYNAMICLIGHTMAP_OFF pd= ok=1
Cmd: compileSnippet
  api=4 type=0 insize=886 outsize=4670 kw=DIRECTIONAL SHADOWS_SCREEN LIGHTMAP_OFF DIRLIGHTMAP_OFF DYNAMICLIGHTMAP_OFF pd= ok=1
Cmd: compileSnippet
  api=1 type=0 insize=886 outsize=1473 kw=DIRECTIONAL SHADOWS_SCREEN LIGHTMAP_OFF DIRLIGHTMAP_OFF DYNAMICLIGHTMAP_OFF VERTEXLIGHT_ON pd= ok=1
Cmd: compileSnippet
  api=8 type=0 insize=886 outsize=9709 kw=DIRECTIONAL SHADOWS_SCREEN SHADOWS_NATIVE LIGHTMAP_OFF DIRLIGHTMAP_OFF DYNAMICLIGHTMAP_OFF VERTEXLIGHT_ON pd=UNITY_NO_SCREENSPACE_SHADOWS UNITY_NO_LINEAR_COLORSPACE ok=1
Cmd: compileSnippet
  api=1 type=0 insize=886 outsize=1345 kw=DIRECTIONAL SHADOWS_OFF LIGHTMAP_OFF DIRLIGHTMAP_OFF DYNAMICLIGHTMAP_OFF _EMISSION VERTEXLIGHT_ON pd= ok=1
Cmd: compileSnippet
  api=1 type=0 insize=886 outsize=1473 kw=DIRECTIONAL SHADOWS_SCREEN LIGHTMAP_OFF DIRLIGHTMAP_OFF DYNAMICLIGHTMAP_OFF _EMISSION VERTEXLIGHT_ON pd= ok=1
Cmd: compileSnippet
  api=8 type=0 insize=886 outsize=9709 kw=DIRECTIONAL SHADOWS_SCREEN SHADOWS_NATIVE LIGHTMAP_OFF DIRLIGHTMAP_OFF DYNAMICLIGHTMAP_OFF _EMISSION VERTEXLIGHT_ON pd=UNITY_NO_SCREENSPACE_SHADOWS UNITY_NO_LINEAR_COLORSPACE ok=1
Cmd: compileSnippet
  api=8 type=0 insize=886 outsize=8653 kw=DIRECTIONAL SHADOWS_OFF LIGHTMAP_OFF DIRLIGHTMAP_OFF DYNAMICLIGHTMAP_OFF VERTEXLIGHT_ON _ALPHABLEND_ON pd=UNITY_NO_SCREENSPACE_SHADOWS UNITY_NO_LINEAR_COLORSPACE ok=1
Cmd: compileSnippet
  api=1 type=0 insize=886 outsize=851 kw=DIRECTIONAL SHADOWS_OFF LIGHTMAP_OFF DIRLIGHTMAP_OFF DYNAMICLIGHTMAP_OFF _EMISSION _ALPHABLEND_ON pd= ok=1
Cmd: compileSnippet
  api=1 type=0 insize=886 outsize=979 kw=DIRECTIONAL SHADOWS_SCREEN LIGHTMAP_OFF DIRLIGHTMAP_OFF DYNAMICLIGHTMAP_OFF _EMISSION _ALPHABLEND_ON pd= ok=1
Cmd: compileSnippet
  api=8 type=0 insize=886 outsize=8653 kw=DIRECTIONAL SHADOWS_OFF LIGHTMAP_OFF DIRLIGHTMAP_OFF DYNAMICLIGHTMAP_OFF _EMISSION VERTEXLIGHT_ON _ALPHABLEND_ON pd=UNITY_NO_SCREENSPACE_SHADOWS UNITY_NO_LINEAR_COLORSPACE ok=1
Cmd: compileSnippet
  api=1 type=1 insize=886 outsize=1157 kw=DIRECTIONAL SHADOWS_OFF LIGHTMAP_OFF DIRLIGHTMAP_OFF DYNAMICLIGHTMAP_OFF pd= ok=1
Cmd: compileSnippet
  api=4 type=1 insize=886 outsize=4337 kw=DIRECTIONAL SHADOWS_SCREEN LIGHTMAP_OFF DIRLIGHTMAP_OFF DYNAMICLIGHTMAP_OFF pd= ok=1
Cmd: compileSnippet
  api=8 type=1 insize=886 outsize=6175 kw=DIRECTIONAL SHADOWS_OFF LIGHTMAP_OFF DIRLIGHTMAP_OFF DYNAMICLIGHTMAP_OFF _EMISSION pd=UNITY_NO_SCREENSPACE_SHADOWS UNITY_NO_LINEAR_COLORSPACE ok=1
Cmd: compileSnippet
  api=4 type=1 insize=886 outsize=4044 kw=DIRECTIONAL SHADOWS_OFF LIGHTMAP_OFF DIRLIGHTMAP_OFF DYNAMICLIGHTMAP_OFF _ALPHABLEND_ON pd= ok=1
Cmd: compileSnippet
  api=8 type=1 insize=886 outsize=6581 kw=DIRECTIONAL SHADOWS_SCREEN SHADOWS_NATIVE LIGHTMAP_OFF DIRLIGHTMAP_OFF DYNAMICLIGHTMAP_OFF _ALPHABLEND_ON pd=UNITY_NO_SCREENSPACE_SHADOWS UNITY_NO_LINEAR_COLORSPACE ok=1
Cmd: compileSnippet
  api=1 type=0 insize=816 outsize=893 kw=POINT SHADOWS_OFF pd= ok=1
Cmd: compileSnippet
  api=1 type=0 insize=816 outsize=912 kw=SPOT SHADOWS_OFF pd= ok=1
Cmd: compileSnippet
  api=4 type=0 insize=816 outsize=5101 kw=POINT_COOKIE SHADOWS_OFF pd= ok=1
Cmd: compileSnippet
  api=4 type=0 insize=816 outsize=4946 kw=DIRECTIONAL_COOKIE SHADOWS_OFF pd= ok=1
Cmd: compileSnippet
  api=4 type=0 insize=816 outsize=5515 kw=SPOT SHADOWS_DEPTH SHADOWS_NATIVE pd= ok=1
Cmd: compileSnippet
  api=4 type=0 insize=816 outsize=5304 kw=DIRECTIONAL_COOKIE SHADOWS_SCREEN pd= ok=1
Cmd: compileSnippet
  api=8 type=0 insize=816 outsize=7824 kw=DIRECTIONAL_COOKIE SHADOWS_SCREEN SHADOWS_NATIVE pd=UNITY_NO_SCREENSPACE_SHADOWS UNITY_NO_LINEAR_COLORSPACE ok=1
Cmd: compileSnippet
  api=4 type=0 insize=816 outsize=4256 kw=DIRECTIONAL SHADOWS_OFF _ALPHABLEND_ON pd= ok=1
Cmd: compileSnippet
  api=8 type=0 insize=816 outsize=6208 kw=DIRECTIONAL SHADOWS_OFF _ALPHABLEND_ON pd=UNITY_NO_SCREENSPACE_SHADOWS UNITY_NO_LINEAR_COLORSPACE ok=1
Cmd: compileSnippet
  api=8 type=0 insize=816 outsize=7410 kw=POINT_COOKIE SHADOWS_OFF _ALPHABLEND_ON pd=UNITY_NO_SCREENSPACE_SHADOWS UNITY_NO_LINEAR_COLORSPACE ok=1
Cmd: compileSnippet
  api=1 type=0 insize=816 outsize=951 kw=DIRECTIONAL SHADOWS_SCREEN _ALPHABLEND_ON pd= ok=1
Cmd: compileSnippet
  api=4 type=0 insize=816 outsize=5304 kw=DIRECTIONAL_COOKIE SHADOWS_SCREEN _ALPHABLEND_ON pd= ok=1
Cmd: compileSnippet
  api=8 type=0 insize=816 outsize=7589 kw=POINT SHADOWS_CUBE _ALPHABLEND_ON pd=UNITY_NO_SCREENSPACE_SHADOWS UNITY_NO_LINEAR_COLORSPACE ok=1
Cmd: compileSnippet
  api=8 type=0 insize=816 outsize=7824 kw=DIRECTIONAL_COOKIE SHADOWS_SCREEN SHADOWS_NATIVE _ALPHABLEND_ON pd=UNITY_NO_SCREENSPACE_SHADOWS UNITY_NO_LINEAR_COLORSPACE ok=1
Cmd: compileSnippet
  api=1 type=1 insize=816 outsize=807 kw=POINT SHADOWS_OFF pd= ok=1
Cmd: compileSnippet
  api=8 type=1 insize=816 outsize=3892 kw=DIRECTIONAL SHADOWS_OFF pd=UNITY_NO_SCREENSPACE_SHADOWS UNITY_NO_LINEAR_COLORSPACE ok=1
Cmd: compileSnippet
  api=4 type=1 insize=816 outsize=3086 kw=POINT_COOKIE SHADOWS_OFF pd= ok=1
Cmd: compileSnippet
  api=4 type=1 insize=816 outsize=2842 kw=DIRECTIONAL_COOKIE SHADOWS_OFF pd= ok=1
Cmd: compileSnippet
  api=8 type=1 insize=816 outsize=5891 kw=SPOT SHADOWS_DEPTH SHADOWS_NATIVE pd=UNITY_NO_SCREENSPACE_SHADOWS UNITY_NO_LINEAR_COLORSPACE ok=1
Cmd: compileSnippet
  api=8 type=1 insize=816 outsize=5436 kw=POINT SHADOWS_CUBE pd=UNITY_NO_SCREENSPACE_SHADOWS UNITY_NO_LINEAR_COLORSPACE ok=1
Cmd: compileSnippet
  api=1 type=1 insize=816 outsize=818 kw=POINT SHADOWS_OFF _ALPHABLEND_ON pd= ok=1
Cmd: compileSnippet
  api=8 type=1 insize=816 outsize=4396 kw=POINT SHADOWS_OFF _ALPHABLEND_ON pd=UNITY_NO_SCREENSPACE_SHADOWS UNITY_NO_LINEAR_COLORSPACE ok=1
Cmd: compileSnippet
  api=1 type=1 insize=816 outsize=940 kw=SPOT SHADOWS_OFF _ALPHABLEND_ON pd= ok=1
Cmd: compileSnippet
  api=8 type=1 insize=816 outsize=4680 kw=POINT_COOKIE SHADOWS_OFF _ALPHABLEND_ON pd=UNITY_NO_SCREENSPACE_SHADOWS UNITY_NO_LINEAR_COLORSPACE ok=1
Cmd: compileSnippet
  api=1 type=1 insize=816 outsize=1025 kw=SPOT SHADOWS_DEPTH SHADOWS_NATIVE _ALPHABLEND_ON pd= ok=1
Cmd: compileSnippet
  api=1 type=1 insize=816 outsize=800 kw=DIRECTIONAL SHADOWS_SCREEN _ALPHABLEND_ON pd= ok=1
Cmd: compileSnippet
  api=4 type=1 insize=816 outsize=3183 kw=DIRECTIONAL_COOKIE SHADOWS_SCREEN _ALPHABLEND_ON pd= ok=1
Cmd: compileSnippet
  api=1 type=1 insize=816 outsize=1070 kw=POINT_COOKIE SHADOWS_CUBE _ALPHABLEND_ON pd= ok=1
Cmd: compileSnippet
  api=4 type=1 insize=816 outsize=3793 kw=POINT_COOKIE SHADOWS_CUBE _ALPHABLEND_ON pd= ok=1
Cmd: compileSnippet
  api=8 type=1 insize=816 outsize=4639 kw=DIRECTIONAL SHADOWS_SCREEN SHADOWS_NATIVE _ALPHABLEND_ON pd=UNITY_NO_SCREENSPACE_SHADOWS UNITY_NO_LINEAR_COLORSPACE ok=1
Cmd: compileSnippet
  api=1 type=0 insize=600 outsize=832 kw=SHADOWS_DEPTH pd= ok=1
Cmd: compileSnippet
  api=8 type=0 insize=600 outsize=2056 kw=SHADOWS_CUBE pd=UNITY_NO_SCREENSPACE_SHADOWS UNITY_NO_LINEAR_COLORSPACE ok=1
Cmd: compileSnippet
  api=8 type=0 insize=600 outsize=5728 kw=SHADOWS_DEPTH _ALPHABLEND_ON pd=UNITY_NO_SCREENSPACE_SHADOWS UNITY_NO_LINEAR_COLORSPACE ok=1
Cmd: compileSnippet
  api=1 type=1 insize=600 outsize=67 kw=SHADOWS_DEPTH pd= ok=1
Cmd: compileSnippet
  api=4 type=1 insize=600 outsize=624 kw=SHADOWS_CUBE pd= ok=1
Cmd: compileSnippet
  api=1 type=1 insize=600 outsize=195 kw=SHADOWS_CUBE _ALPHABLEND_ON pd= ok=1
Cmd: compileSnippet
  api=1 type=0 insize=530 outsize=567 kw= pd= ok=1
Cmd: compileSnippet
  api=8 type=0 insize=530 outsize=3380 kw=_EMISSION pd=UNITY_NO_SCREENSPACE_SHADOWS UNITY_NO_LINEAR_COLORSPACE ok=1
Cmd: compileSnippet
  api=1 type=1 insize=530 outsize=618 kw= pd= ok=1
Cmd: compileSnippet
  api=1 type=0 insize=13030 outsize=4385 kw=_SUNDISK_NONE pd= ok=1
Cmd: compileSnippet
  api=4 type=0 insize=13030 outsize=11268 kw=_SUNDISK_SIMPLE pd= ok=1
Cmd: compileSnippet
  api=8 type=0 insize=13030 outsize=18029 kw=_SUNDISK_HIGH_QUALITY pd=UNITY_NO_SCREENSPACE_SHADOWS UNITY_NO_LINEAR_COLORSPACE ok=1
Cmd: compileSnippet
  api=1 type=0 insize=13030 outsize=4117 kw=UNITY_COLORSPACE_GAMMA _SUNDISK_HIGH_QUALITY pd= ok=1
Cmd: compileSnippet
  api=8 type=0 insize=13030 outsize=17314 kw=UNITY_COLORSPACE_GAMMA _SUNDISK_HIGH_QUALITY pd=UNITY_NO_SCREENSPACE_SHADOWS UNITY_NO_LINEAR_COLORSPACE ok=1
Cmd: compileSnippet
  api=1 type=1 insize=13030 outsize=188 kw=_SUNDISK_NONE pd= ok=1
Cmd: compileSnippet
  api=4 type=1 insize=13030 outsize=1859 kw=_SUNDISK_SIMPLE pd= ok=1
Cmd: compileSnippet
  api=4 type=1 insize=13030 outsize=908 kw=UNITY_COLORSPACE_GAMMA _SUNDISK_NONE pd= ok=1
Cmd: compileSnippet
  api=1 type=1 insize=13030 outsize=835 kw=UNITY_COLORSPACE_GAMMA _SUNDISK_HIGH_QUALITY pd= ok=1
Cmd: compileSnippet
  api=1 type=0 insize=1482 outsize=169 kw=SOFTPARTICLES_OFF pd= ok=1
Cmd: compileSnippet
  api=8 type=0 insize=1482 outsize=2982 kw=SOFTPARTICLES_ON pd=UNITY_NO_SCREENSPACE_SHADOWS UNITY_NO_LINEAR_COLORSPACE ok=1
Cmd: compileSnippet
  api=1 type=1 insize=1482 outsize=147 kw=SOFTPARTICLES_OFF pd= ok=1
Cmd: compileSnippet
  api=8 type=1 insize=1482 outsize=2259 kw=SOFTPARTICLES_ON pd=UNITY_NO_SCREENSPACE_SHADOWS UNITY_NO_LINEAR_COLORSPACE ok=1
Cmd: compileSnippet
  api=1 type=0 insize=955 outsize=131 kw= pd= ok=1
Cmd: compileSnippet
  api=1 type=1 insize=955 outsize=131 kw= pd= ok=1
Cmd: compileSnippet
  api=1 type=0 insize=954 outsize=131 kw= pd= ok=1
Cmd: compileSnippet
  api=1 type=1 insize=954 outsize=129 kw= pd= ok=1
Cmd: compileSnippet
  api=1 type=0 insize=3155 outsize=131 kw= pd= ok=1
Cmd: compileSnippet
  api=1 type=1 insize=3155 outsize=323 kw= pd= ok=1
Cmd: compileSnippet
  api=1 type=0 insize=3153 outsize=131 kw= pd= ok=1
Cmd: compileSnippet
  api=1 type=1 insize=3153 outsize=317 kw= pd= ok=1
Cmd: compileSnippet
  api=1 type=0 insize=3160 outsize=131 kw= pd= ok=1
Cmd: compileSnippet
  api=1 type=1 insize=3160 outsize=1811 kw= pd= ok=1
Cmd: compileSnippet
  api=1 type=0 insize=1085 outsize=131 kw= pd= ok=1
Cmd: compileSnippet
  api=1 type=1 insize=1085 outsize=595 kw= pd= ok=1
Cmd: compileSnippet
  api=1 type=0 insize=1952 outsize=208 kw= pd= ok=1
Cmd: compileSnippet
  api=1 type=1 insize=1952 outsize=4212 kw= pd= ok=1
Cmd: compileSnippet
  api=1 type=0 insize=2216 outsize=208 kw= pd= ok=1
Cmd: compileSnippet
  api=1 type=1 insize=2216 outsize=7052 kw= pd= ok=1
Cmd: compileSnippet
  api=1 type=0 insize=2722 outsize=208 kw= pd= ok=1
Cmd: compileSnippet
  api=1 type=1 insize=2722 outsize=12783 kw= pd= ok=1
Cmd: compileSnippet
  error: 1 plat 1 at (228): 's': loop control variable conflicts with a previous declaration in the outer scope; most recent declaration will be used\nCompiling Vertex program
  api=1 type=0 insize=2998 outsize=170 kw= pd= ok=1
Cmd: compileSnippet
  error: 1 plat 1 at (228): 's': loop control variable conflicts with a previous declaration in the outer scope; most recent declaration will be used\nCompiling Fragment program
  api=1 type=1 insize=2998 outsize=1254 kw= pd= ok=1
Cmd: compileSnippet
  api=1 type=0 insize=1938 outsize=146 kw= pd= ok=1
Cmd: compileSnippet
  api=1 type=1 insize=1938 outsize=151 kw= pd= ok=1
Cmd: compileSnippet
  api=1 type=0 insize=1113 outsize=346 kw= pd= ok=1
Cmd: compileSnippet
  api=1 type=1 insize=1113 outsize=222 kw= pd= ok=1
Cmd: compileSnippet
  api=1 type=0 insize=1194 outsize=258 kw= pd= ok=1
Cmd: compileSnippet
  api=1 type=1 insize=1194 outsize=335 kw= pd= ok=1
Cmd: compileSnippet
  api=1 type=0 insize=1922 outsize=288 kw= pd= ok=1
Cmd: compileSnippet
  api=1 type=1 insize=1922 outsize=935 kw= pd= ok=1
Cmd: compileSnippet
  api=1 type=0 insize=3198 outsize=258 kw= pd= ok=1
Cmd: compileSnippet
  api=1 type=1 insize=3198 outsize=207 kw= pd= ok=1
Cmd: compileSnippet
  api=8 type=1 insize=3195 outsize=1341 kw= pd=UNITY_NO_SCREENSPACE_SHADOWS UNITY_NO_LINEAR_COLORSPACE ok=1
Cmd: compileSnippet
  api=1 type=0 insize=3211 outsize=267 kw= pd= ok=1
Cmd: compileSnippet
  api=1 type=1 insize=3203 outsize=105 kw= pd= ok=1
Cmd: compileSnippet
  api=1 type=0 insize=3203 outsize=258 kw= pd= ok=1
Cmd: compileSnippet
  api=1 type=1 insize=3203 outsize=207 kw= pd= ok=1
Cmd: compileSnippet
  api=1 type=0 insize=3200 outsize=258 kw= pd= ok=1
Cmd: compileSnippet
  api=1 type=1 insize=3200 outsize=127 kw= pd= ok=1
Cmd: compileSnippet
  api=1 type=0 insize=3212 outsize=267 kw= pd= ok=1
Cmd: compileSnippet
  api=1 type=1 insize=3212 outsize=240 kw= pd= ok=1
Cmd: compileSnippet
  api=1 type=0 insize=3197 outsize=258 kw= pd= ok=1
Cmd: compileSnippet
  api=1 type=1 insize=3197 outsize=58 kw= pd= ok=1
Cmd: compileSnippet
  api=1 type=0 insize=3201 outsize=258 kw= pd= ok=1
Cmd: compileSnippet
  api=1 type=1 insize=3201 outsize=83 kw= pd= ok=1
Cmd: compileSnippet
  api=1 type=0 insize=3196 outsize=258 kw= pd= ok=1
Cmd: compileSnippet
  api=1 type=1 insize=3196 outsize=63 kw= pd= ok=1
Cmd: compileSnippet
  api=1 type=0 insize=4605 outsize=131 kw= pd= ok=1
Cmd: compileSnippet
  api=1 type=1 insize=4605 outsize=360 kw= pd= ok=1
Cmd: compileSnippet
  api=1 type=0 insize=4609 outsize=363 kw= pd= ok=1
Cmd: compileSnippet
  api=1 type=0 insize=4620 outsize=327 kw= pd= ok=1
Cmd: compileSnippet
  api=1 type=1 insize=4620 outsize=681 kw= pd= ok=1
Cmd: compileSnippet
  api=1 type=0 insize=5582 outsize=302 kw= pd= ok=1
Cmd: compileSnippet
  api=1 type=1 insize=5582 outsize=120 kw= pd= ok=1
Cmd: compileSnippet
  api=1 type=0 insize=5581 outsize=302 kw= pd= ok=1
Cmd: compileSnippet
  api=1 type=1 insize=5581 outsize=142 kw= pd= ok=1
Cmd: compileSnippet
  api=1 type=0 insize=5575 outsize=302 kw= pd= ok=1
Cmd: compileSnippet
  api=1 type=1 insize=5575 outsize=2563 kw= pd= ok=1
Cmd: compileSnippet
  api=1 type=0 insize=5574 outsize=302 kw= pd= ok=1
Cmd: compileSnippet
  api=1 type=1 insize=5574 outsize=2605 kw= pd= ok=1
Cmd: compileSnippet
  api=1 type=0 insize=5577 outsize=302 kw= pd= ok=1
Cmd: compileSnippet
  api=1 type=1 insize=5577 outsize=4827 kw= pd= ok=1
Cmd: compileSnippet
  api=1 type=0 insize=5576 outsize=302 kw= pd= ok=1
Cmd: compileSnippet
  api=1 type=0 insize=1298 outsize=291 kw= pd= ok=1
Cmd: compileSnippet
  api=1 type=1 insize=1298 outsize=494 kw= pd= ok=1
Cmd: compileSnippet
  api=1 type=0 insize=4597 outsize=1014 kw= pd= ok=1
Cmd: compileSnippet
  api=8 type=0 insize=4597 outsize=7248 kw=POINT pd=UNITY_NO_SCREENSPACE_SHADOWS UNITY_NO_LINEAR_COLORSPACE ok=1
Cmd: compileSnippet
  api=1 type=1 insize=4597 outsize=172 kw= pd= ok=1
Cmd: compileSnippet
  api=8 type=1 insize=4597 outsize=1414 kw=POINT pd=UNITY_NO_SCREENSPACE_SHADOWS UNITY_NO_LINEAR_COLORSPACE ok=1
Cmd: compileSnippet
  api=1 type=0 insize=1807 outsize=259 kw= pd= ok=1
Cmd: compileSnippet
  api=1 type=1 insize=1807 outsize=206 kw= pd= ok=1
Cmd: compileSnippet
  api=1 type=0 insize=2082 outsize=287 kw= pd= ok=1
Cmd: compileSnippet
  api=1 type=1 insize=2082 outsize=254 kw= pd= ok=1
Cmd: compileSnippet
  api=1 type=0 insize=541 outsize=172 kw=SHADOWS_CUBE pd= ok=1
Cmd: compileSnippet
  api=4 type=0 insize=541 outsize=1420 kw=SHADOWS_CUBE pd= ok=1
Cmd: compileSnippet
  api=1 type=1 insize=541 outsize=61 kw=SHADOWS_DEPTH pd= ok=1
Cmd: compileSnippet
  api=4 type=1 insize=541 outsize=697 kw=SHADOWS_CUBE pd= ok=1
Cmd: compileSnippet
  api=1 type=0 insize=6895 outsize=580 kw=DIRECTIONAL SHADOWS_OFF LIGHTMAP_OFF DIRLIGHTMAP_OFF DYNAMICLIGHTMAP_OFF pd= ok=1
Cmd: compileSnippet
  api=1 type=0 insize=6895 outsize=708 kw=DIRECTIONAL SHADOWS_SCREEN LIGHTMAP_OFF DIRLIGHTMAP_OFF DYNAMICLIGHTMAP_OFF pd= ok=1
Cmd: compileSnippet
  api=1 type=0 insize=6895 outsize=1087 kw=DIRECTIONAL SHADOWS_OFF LIGHTMAP_OFF DIRLIGHTMAP_OFF DYNAMICLIGHTMAP_OFF VERTEXLIGHT_ON pd= ok=1
Cmd: compileSnippet
  api=4 type=0 insize=6895 outsize=3037 kw=DIRECTIONAL SHADOWS_OFF LIGHTMAP_OFF DIRLIGHTMAP_COMBINED DYNAMICLIGHTMAP_ON VERTEXLIGHT_ON pd= ok=1
Cmd: compileSnippet
  api=1 type=0 insize=6895 outsize=657 kw=DIRECTIONAL SHADOWS_SCREEN LIGHTMAP_OFF DIRLIGHTMAP_COMBINED DYNAMICLIGHTMAP_ON VERTEXLIGHT_ON pd= ok=1
Cmd: compileSnippet
  api=4 type=0 insize=6895 outsize=3427 kw=DIRECTIONAL SHADOWS_SCREEN LIGHTMAP_OFF DIRLIGHTMAP_COMBINED DYNAMICLIGHTMAP_ON VERTEXLIGHT_ON pd= ok=1
Cmd: compileSnippet
  api=1 type=1 insize=6895 outsize=263 kw=DIRECTIONAL SHADOWS_OFF LIGHTMAP_OFF DIRLIGHTMAP_OFF DYNAMICLIGHTMAP_OFF pd= ok=1
Cmd: compileSnippet
  api=4 type=1 insize=6895 outsize=2127 kw=DIRECTIONAL SHADOWS_OFF LIGHTMAP_OFF DIRLIGHTMAP_COMBINED DYNAMICLIGHTMAP_ON pd= ok=1
Cmd: compileSnippet
  api=4 type=1 insize=6895 outsize=2444 kw=DIRECTIONAL SHADOWS_SCREEN LIGHTMAP_OFF DIRLIGHTMAP_COMBINED DYNAMICLIGHTMAP_ON pd= ok=1
Cmd: compileSnippet
  api=1 type=0 insize=3666 outsize=339 kw=POINT pd= ok=1
Cmd: compileSnippet
  api=8 type=0 insize=3666 outsize=3892 kw=DIRECTIONAL pd=UNITY_NO_SCREENSPACE_SHADOWS UNITY_NO_LINEAR_COLORSPACE ok=1
Cmd: compileSnippet
  api=4 type=0 insize=3666 outsize=2753 kw=POINT_COOKIE pd= ok=1
Cmd: compileSnippet
  api=4 type=0 insize=3666 outsize=2753 kw=DIRECTIONAL_COOKIE pd= ok=1
Cmd: compileSnippet
  api=1 type=1 insize=3666 outsize=428 kw=POINT pd= ok=1
Cmd: compileSnippet
  api=4 type=1 insize=3666 outsize=1168 kw=DIRECTIONAL pd= ok=1
Cmd: compileSnippet
  api=8 type=1 insize=3666 outsize=3575 kw=SPOT pd=UNITY_NO_SCREENSPACE_SHADOWS UNITY_NO_LINEAR_COLORSPACE ok=1
Cmd: compileSnippet
  api=1 type=0 insize=2873 outsize=293 kw= pd= ok=1
Cmd: compileSnippet
  api=8 type=1 insize=2873 outsize=983 kw= pd=UNITY_NO_SCREENSPACE_SHADOWS UNITY_NO_LINEAR_COLORSPACE ok=1
Cmd: compileSnippet
  api=1 type=0 insize=5933 outsize=707 kw=LIGHTMAP_OFF DIRLIGHTMAP_OFF DYNAMICLIGHTMAP_OFF HDR_LIGHT_PREPASS_OFF pd= ok=1
Cmd: compileSnippet
  api=4 type=0 insize=5933 outsize=4223 kw=LIGHTMAP_OFF DIRLIGHTMAP_COMBINED DYNAMICLIGHTMAP_ON HDR_LIGHT_PREPASS_OFF pd= ok=1
Cmd: compileSnippet
  api=4 type=0 insize=5933 outsize=4223 kw=LIGHTMAP_OFF DIRLIGHTMAP_COMBINED DYNAMICLIGHTMAP_ON UNITY_HDR_ON pd= ok=1
Cmd: compileSnippet
  api=1 type=1 insize=5933 outsize=267 kw=LIGHTMAP_OFF DIRLIGHTMAP_OFF DYNAMICLIGHTMAP_OFF HDR_LIGHT_PREPASS_OFF pd= ok=1
Cmd: compileSnippet
  api=1 type=1 insize=5933 outsize=212 kw=LIGHTMAP_OFF DIRLIGHTMAP_OFF DYNAMICLIGHTMAP_OFF UNITY_HDR_ON pd= ok=1
Cmd: compileSnippet
  api=4 type=1 insize=5933 outsize=1794 kw=LIGHTMAP_OFF DIRLIGHTMAP_COMBINED DYNAMICLIGHTMAP_ON UNITY_HDR_ON pd= ok=1
Cmd: compileSnippet
  api=1 type=0 insize=5997 outsize=595 kw=LIGHTMAP_OFF DIRLIGHTMAP_OFF DYNAMICLIGHTMAP_OFF HDR_LIGHT_PREPASS_OFF pd= ok=1
Cmd: compileSnippet
  api=1 type=0 insize=5997 outsize=595 kw=LIGHTMAP_OFF DIRLIGHTMAP_OFF DYNAMICLIGHTMAP_OFF UNITY_HDR_ON pd= ok=1
Cmd: compileSnippet
  api=4 type=0 insize=5997 outsize=3256 kw=LIGHTMAP_OFF DIRLIGHTMAP_COMBINED DYNAMICLIGHTMAP_ON UNITY_HDR_ON pd= ok=1
Cmd: compileSnippet
  api=1 type=1 insize=5997 outsize=355 kw=LIGHTMAP_OFF DIRLIGHTMAP_OFF DYNAMICLIGHTMAP_OFF HDR_LIGHT_PREPASS_OFF pd= ok=1
Cmd: compileSnippet
  api=4 type=1 insize=5997 outsize=2460 kw=LIGHTMAP_OFF DIRLIGHTMAP_COMBINED DYNAMICLIGHTMAP_ON HDR_LIGHT_PREPASS_OFF pd= ok=1
Cmd: compileSnippet
  api=4 type=1 insize=5997 outsize=2411 kw=LIGHTMAP_OFF DIRLIGHTMAP_COMBINED DYNAMICLIGHTMAP_ON UNITY_HDR_ON pd= ok=1
Cmd: compileSnippet
  api=1 type=0 insize=3064 outsize=475 kw= pd= ok=1
Cmd: compileSnippet
  api=1 type=1 insize=3064 outsize=360 kw= pd= ok=1
Cmd: compileSnippet
  api=1 type=0 insize=1275 outsize=441 kw=POINT SHADOWS_OFF pd= ok=1
Cmd: compileSnippet
  api=1 type=0 insize=1275 outsize=441 kw=SPOT SHADOWS_OFF pd= ok=1
Cmd: compileSnippet
  api=1 type=0 insize=1275 outsize=441 kw=DIRECTIONAL_COOKIE SHADOWS_OFF pd= ok=1
Cmd: compileSnippet
  api=1 type=0 insize=1275 outsize=441 kw=DIRECTIONAL SHADOWS_SCREEN pd= ok=1
Cmd: compileSnippet
  api=1 type=0 insize=1275 outsize=441 kw=POINT SHADOWS_CUBE pd= ok=1
Cmd: compileSnippet
  api=1 type=0 insize=1275 outsize=441 kw=SPOT SHADOWS_DEPTH SHADOWS_SOFT SHADOWS_NATIVE pd= ok=1
Cmd: compileSnippet
  api=1 type=0 insize=1275 outsize=441 kw=POINT_COOKIE SHADOWS_CUBE SHADOWS_SOFT pd= ok=1
Cmd: compileSnippet
  api=1 type=1 insize=1275 outsize=1442 kw=POINT SHADOWS_OFF pd= ok=1
Cmd: compileSnippet
  api=4 type=1 insize=1275 outsize=5206 kw=SPOT SHADOWS_OFF pd= ok=1
Cmd: compileSnippet
  api=4 type=1 insize=1275 outsize=6059 kw=SPOT SHADOWS_DEPTH SHADOWS_NATIVE pd= ok=1
Cmd: compileSnippet
  api=4 type=1 insize=1275 outsize=5003 kw=POINT SHADOWS_CUBE pd= ok=1
Cmd: compileSnippet
  api=1 type=1 insize=1275 outsize=1894 kw=POINT SHADOWS_CUBE SHADOWS_SOFT pd= ok=1
Cmd: compileSnippet
  api=4 type=1 insize=1275 outsize=5808 kw=POINT SHADOWS_CUBE SHADOWS_SOFT pd= ok=1
Cmd: compileSnippet
  api=1 type=0 insize=1268 outsize=441 kw=POINT SHADOWS_OFF pd= ok=1
Cmd: compileSnippet
  api=4 type=0 insize=1268 outsize=1956 kw=SPOT SHADOWS_OFF pd= ok=1
Cmd: compileSnippet
  api=4 type=0 insize=1268 outsize=1956 kw=DIRECTIONAL_COOKIE SHADOWS_OFF pd= ok=1
Cmd: compileSnippet
  api=4 type=0 insize=1268 outsize=1956 kw=DIRECTIONAL SHADOWS_SCREEN pd= ok=1
Cmd: compileSnippet
  api=4 type=0 insize=1268 outsize=1956 kw=POINT SHADOWS_CUBE pd= ok=1
Cmd: compileSnippet
  api=1 type=0 insize=1268 outsize=441 kw=POINT SHADOWS_CUBE SHADOWS_SOFT pd= ok=1
Cmd: compileSnippet
  api=1 type=0 insize=1268 outsize=441 kw=POINT_COOKIE SHADOWS_CUBE SHADOWS_SOFT pd= ok=1
Cmd: compileSnippet
  api=1 type=1 insize=1268 outsize=1363 kw=POINT SHADOWS_OFF pd= ok=1
Cmd: compileSnippet
  api=1 type=1 insize=1268 outsize=1476 kw=POINT_COOKIE SHADOWS_OFF pd= ok=1
Cmd: compileSnippet
  api=1 type=1 insize=1268 outsize=1323 kw=DIRECTIONAL_COOKIE SHADOWS_OFF pd= ok=1
Cmd: compileSnippet
  api=4 type=1 insize=1268 outsize=6011 kw=SPOT SHADOWS_DEPTH SHADOWS_NATIVE pd= ok=1
Cmd: compileSnippet
  api=4 type=1 insize=1268 outsize=4954 kw=POINT SHADOWS_CUBE pd= ok=1
Cmd: compileSnippet
  api=4 type=1 insize=1268 outsize=6620 kw=SPOT SHADOWS_DEPTH SHADOWS_SOFT SHADOWS_NATIVE pd= ok=1
Cmd: compileSnippet
  api=4 type=1 insize=1268 outsize=6238 kw=POINT_COOKIE SHADOWS_CUBE SHADOWS_SOFT pd= ok=1
Cmd: compileSnippet
  api=1 type=0 insize=1273 outsize=441 kw=POINT SHADOWS_OFF pd= ok=1
Cmd: compileSnippet
  api=4 type=0 insize=1273 outsize=1956 kw=SPOT SHADOWS_OFF pd= ok=1
Cmd: compileSnippet
  api=4 type=0 insize=1273 outsize=1956 kw=DIRECTIONAL_COOKIE SHADOWS_OFF pd= ok=1
Cmd: compileSnippet
  api=1 type=0 insize=1273 outsize=441 kw=DIRECTIONAL_COOKIE SHADOWS_SCREEN pd= ok=1
Cmd: compileSnippet
  api=1 type=0 insize=1273 outsize=441 kw=POINT_COOKIE SHADOWS_CUBE pd= ok=1
Cmd: compileSnippet
  api=4 type=0 insize=1273 outsize=1956 kw=SPOT SHADOWS_DEPTH SHADOWS_SOFT SHADOWS_NATIVE pd= ok=1
Cmd: compileSnippet
  api=1 type=1 insize=1273 outsize=1358 kw=POINT SHADOWS_OFF pd= ok=1
Cmd: compileSnippet
  api=4 type=1 insize=1273 outsize=5158 kw=SPOT SHADOWS_OFF pd= ok=1
Cmd: compileSnippet
  api=4 type=1 insize=1273 outsize=6011 kw=SPOT SHADOWS_DEPTH SHADOWS_NATIVE pd= ok=1
Cmd: compileSnippet
  api=4 type=1 insize=1273 outsize=4816 kw=DIRECTIONAL_COOKIE SHADOWS_SCREEN pd= ok=1
Cmd: compileSnippet
  api=1 type=1 insize=1273 outsize=1660 kw=POINT_COOKIE SHADOWS_CUBE pd= ok=1
Cmd: compileSnippet
  api=1 type=1 insize=1273 outsize=1967 kw=SPOT SHADOWS_DEPTH SHADOWS_SOFT SHADOWS_NATIVE pd= ok=1
Cmd: compileSnippet
  api=4 type=1 insize=1273 outsize=6238 kw=POINT_COOKIE SHADOWS_CUBE SHADOWS_SOFT pd= ok=1
Cmd: compileSnippet
  api=1 type=0 insize=1934 outsize=441 kw=POINT SHADOWS_OFF pd= ok=1
Cmd: compileSnippet
  api=1 type=0 insize=1934 outsize=441 kw=SPOT SHADOWS_OFF pd= ok=1
Cmd: compileSnippet
  api=1 type=0 insize=1934 outsize=441 kw=DIRECTIONAL_COOKIE SHADOWS_OFF pd= ok=1
Cmd: compileSnippet
  api=1 type=0 insize=1934 outsize=441 kw=DIRECTIONAL SHADOWS_SCREEN pd= ok=1
Cmd: compileSnippet
  api=1 type=0 insize=1934 outsize=441 kw=POINT SHADOWS_CUBE pd= ok=1
Cmd: compileSnippet
  api=1 type=0 insize=1934 outsize=441 kw=SPOT SHADOWS_DEPTH SHADOWS_SOFT SHADOWS_NATIVE pd= ok=1
Cmd: compileSnippet
  api=1 type=0 insize=1934 outsize=441 kw=POINT_COOKIE SHADOWS_CUBE SHADOWS_SOFT pd= ok=1
Cmd: compileSnippet
  api=1 type=0 insize=1934 outsize=441 kw=DIRECTIONAL SHADOWS_OFF UNITY_HDR_ON pd= ok=1
Cmd: compileSnippet
  api=1 type=0 insize=1934 outsize=441 kw=POINT_COOKIE SHADOWS_OFF UNITY_HDR_ON pd= ok=1
Cmd: compileSnippet
  api=1 type=0 insize=1934 outsize=441 kw=SPOT SHADOWS_DEPTH SHADOWS_NATIVE UNITY_HDR_ON pd= ok=1
Cmd: compileSnippet
  api=1 type=0 insize=1934 outsize=441 kw=DIRECTIONAL_COOKIE SHADOWS_SCREEN UNITY_HDR_ON pd= ok=1
Cmd: compileSnippet
  api=1 type=0 insize=1934 outsize=441 kw=POINT_COOKIE SHADOWS_CUBE UNITY_HDR_ON pd= ok=1
Cmd: compileSnippet
  api=4 type=0 insize=1934 outsize=1956 kw=POINT_COOKIE SHADOWS_CUBE UNITY_HDR_ON pd= ok=1
Cmd: compileSnippet
  api=4 type=0 insize=1934 outsize=1956 kw=POINT SHADOWS_CUBE SHADOWS_SOFT UNITY_HDR_ON pd= ok=1
Cmd: compileSnippet
  api=1 type=1 insize=1934 outsize=2312 kw=POINT SHADOWS_OFF pd= ok=1
Cmd: compileSnippet
  api=1 type=1 insize=1934 outsize=2485 kw=POINT_COOKIE SHADOWS_OFF pd= ok=1
Cmd: compileSnippet
  api=4 type=1 insize=1934 outsize=6848 kw=DIRECTIONAL SHADOWS_SCREEN pd= ok=1
Cmd: compileSnippet
  api=1 type=1 insize=1934 outsize=2498 kw=POINT SHADOWS_CUBE pd= ok=1
Cmd: compileSnippet
  api=4 type=1 insize=1934 outsize=7636 kw=POINT_COOKIE SHADOWS_CUBE pd= ok=1
Cmd: compileSnippet
  api=4 type=1 insize=1934 outsize=7888 kw=POINT SHADOWS_CUBE SHADOWS_SOFT pd= ok=1
Cmd: compileSnippet
  api=1 type=1 insize=1934 outsize=2250 kw=POINT SHADOWS_OFF UNITY_HDR_ON pd= ok=1
Cmd: compileSnippet
  api=1 type=1 insize=1934 outsize=2443 kw=SPOT SHADOWS_OFF UNITY_HDR_ON pd= ok=1
Cmd: compileSnippet
  api=4 type=1 insize=1934 outsize=6555 kw=DIRECTIONAL_COOKIE SHADOWS_OFF UNITY_HDR_ON pd= ok=1
Cmd: compileSnippet
  api=4 type=1 insize=1934 outsize=8489 kw=SPOT SHADOWS_DEPTH SHADOWS_NATIVE UNITY_HDR_ON pd= ok=1
Cmd: compileSnippet
  api=4 type=1 insize=1934 outsize=7043 kw=POINT SHADOWS_CUBE UNITY_HDR_ON pd= ok=1
Cmd: compileSnippet
  api=4 type=1 insize=1934 outsize=9098 kw=SPOT SHADOWS_DEPTH SHADOWS_SOFT SHADOWS_NATIVE UNITY_HDR_ON pd= ok=1
Cmd: compileSnippet
  api=1 type=0 insize=683 outsize=157 kw= pd= ok=1
Cmd: compileSnippet
  api=1 type=1 insize=683 outsize=142 kw= pd= ok=1
Cmd: compileSnippet
  api=1 type=0 insize=3264 outsize=441 kw= pd= ok=1
Cmd: compileSnippet
  api=1 type=1 insize=3264 outsize=1811 kw= pd= ok=1
Cmd: compileSnippet
  api=1 type=0 insize=823 outsize=244 kw= pd= ok=1
Cmd: compileSnippet
  api=1 type=1 insize=823 outsize=137 kw= pd= ok=1
Cmd: compileSnippet
  api=1 type=0 insize=1420 outsize=252 kw= pd= ok=1
Cmd: compileSnippet
  api=1 type=1 insize=1420 outsize=396 kw= pd= ok=1
Cmd: compileSnippet
  api=1 type=0 insize=6638 outsize=151 kw= pd= ok=1
Cmd: compileSnippet
  api=1 type=1 insize=6638 outsize=9282 kw= pd= ok=1
Cmd: compileSnippet
  api=1 type=0 insize=6638 outsize=128 kw= pd= ok=1
Cmd: compileSnippet
  api=1 type=1 insize=6638 outsize=106 kw= pd= ok=1
Cmd: compileSnippet
  api=1 type=0 insize=701 outsize=151 kw= pd= ok=1
Cmd: compileSnippet
  api=1 type=1 insize=701 outsize=98 kw= pd= ok=1
Cmd: compileSnippet
  api=1 type=0 insize=701 outsize=128 kw= pd= ok=1
Cmd: compileSnippet
  api=1 type=1 insize=701 outsize=100 kw= pd= ok=1
Cmd: compileSnippet
  api=1 type=0 insize=1032 outsize=159 kw= pd= ok=1
Cmd: compileSnippet
  api=1 type=1 insize=1032 outsize=346 kw= pd= ok=1
Cmd: compileSnippet
  api=1 type=0 insize=1032 outsize=132 kw= pd= ok=1
Cmd: compileSnippet
  api=1 type=1 insize=1032 outsize=350 kw= pd= ok=1
